2014-10-19 16:03:12,271 DEBUG [JavaFX Application Thread] o.j.logging [LoggerProviders.java:33] Logging Provider: org.jboss.logging.Slf4jLoggerProvider
2014-10-19 16:03:12,287 DEBUG [JavaFX Application Thread] o.h.t.BasicTypeRegistry [BasicTypeRegistry.java:146] Adding type registration boolean -> org.hibernate.type.BooleanType@5303f36a
2014-10-19 16:03:12,288 DEBUG [JavaFX Application Thread] o.h.t.BasicTypeRegistry [BasicTypeRegistry.java:146] Adding type registration boolean -> org.hibernate.type.BooleanType@5303f36a
2014-10-19 16:03:12,288 DEBUG [JavaFX Application Thread] o.h.t.BasicTypeRegistry [BasicTypeRegistry.java:146] Adding type registration java.lang.Boolean -> org.hibernate.type.BooleanType@5303f36a
2014-10-19 16:03:12,289 DEBUG [JavaFX Application Thread] o.h.t.BasicTypeRegistry [BasicTypeRegistry.java:146] Adding type registration numeric_boolean -> org.hibernate.type.NumericBooleanType@71c65124
2014-10-19 16:03:12,290 DEBUG [JavaFX Application Thread] o.h.t.BasicTypeRegistry [BasicTypeRegistry.java:146] Adding type registration true_false -> org.hibernate.type.TrueFalseType@6f500227
2014-10-19 16:03:12,290 DEBUG [JavaFX Application Thread] o.h.t.BasicTypeRegistry [BasicTypeRegistry.java:146] Adding type registration yes_no -> org.hibernate.type.YesNoType@7d450f44
2014-10-19 16:03:12,291 DEBUG [JavaFX Application Thread] o.h.t.BasicTypeRegistry [BasicTypeRegistry.java:146] Adding type registration byte -> org.hibernate.type.ByteType@7870d688
2014-10-19 16:03:12,291 DEBUG [JavaFX Application Thread] o.h.t.BasicTypeRegistry [BasicTypeRegistry.java:146] Adding type registration byte -> org.hibernate.type.ByteType@7870d688
2014-10-19 16:03:12,292 DEBUG [JavaFX Application Thread] o.h.t.BasicTypeRegistry [BasicTypeRegistry.java:146] Adding type registration java.lang.Byte -> org.hibernate.type.ByteType@7870d688
2014-10-19 16:03:12,292 DEBUG [JavaFX Application Thread] o.h.t.BasicTypeRegistry [BasicTypeRegistry.java:146] Adding type registration character -> org.hibernate.type.CharacterType@79ff9613
2014-10-19 16:03:12,293 DEBUG [JavaFX Application Thread] o.h.t.BasicTypeRegistry [BasicTypeRegistry.java:146] Adding type registration char -> org.hibernate.type.CharacterType@79ff9613
2014-10-19 16:03:12,293 DEBUG [JavaFX Application Thread] o.h.t.BasicTypeRegistry [BasicTypeRegistry.java:146] Adding type registration java.lang.Character -> org.hibernate.type.CharacterType@79ff9613
2014-10-19 16:03:12,294 DEBUG [JavaFX Application Thread] o.h.t.BasicTypeRegistry [BasicTypeRegistry.java:146] Adding type registration short -> org.hibernate.type.ShortType@6340b530
2014-10-19 16:03:12,294 DEBUG [JavaFX Application Thread] o.h.t.BasicTypeRegistry [BasicTypeRegistry.java:146] Adding type registration short -> org.hibernate.type.ShortType@6340b530
2014-10-19 16:03:12,296 DEBUG [JavaFX Application Thread] o.h.t.BasicTypeRegistry [BasicTypeRegistry.java:146] Adding type registration java.lang.Short -> org.hibernate.type.ShortType@6340b530
2014-10-19 16:03:12,297 DEBUG [JavaFX Application Thread] o.h.t.BasicTypeRegistry [BasicTypeRegistry.java:146] Adding type registration integer -> org.hibernate.type.IntegerType@503becea
2014-10-19 16:03:12,298 DEBUG [JavaFX Application Thread] o.h.t.BasicTypeRegistry [BasicTypeRegistry.java:146] Adding type registration int -> org.hibernate.type.IntegerType@503becea
2014-10-19 16:03:12,298 DEBUG [JavaFX Application Thread] o.h.t.BasicTypeRegistry [BasicTypeRegistry.java:146] Adding type registration java.lang.Integer -> org.hibernate.type.IntegerType@503becea
2014-10-19 16:03:12,299 DEBUG [JavaFX Application Thread] o.h.t.BasicTypeRegistry [BasicTypeRegistry.java:146] Adding type registration long -> org.hibernate.type.LongType@1a1fcab6
2014-10-19 16:03:12,299 DEBUG [JavaFX Application Thread] o.h.t.BasicTypeRegistry [BasicTypeRegistry.java:146] Adding type registration long -> org.hibernate.type.LongType@1a1fcab6
2014-10-19 16:03:12,299 DEBUG [JavaFX Application Thread] o.h.t.BasicTypeRegistry [BasicTypeRegistry.java:146] Adding type registration java.lang.Long -> org.hibernate.type.LongType@1a1fcab6
2014-10-19 16:03:12,301 DEBUG [JavaFX Application Thread] o.h.t.BasicTypeRegistry [BasicTypeRegistry.java:146] Adding type registration float -> org.hibernate.type.FloatType@263031c3
2014-10-19 16:03:12,301 DEBUG [JavaFX Application Thread] o.h.t.BasicTypeRegistry [BasicTypeRegistry.java:146] Adding type registration float -> org.hibernate.type.FloatType@263031c3
2014-10-19 16:03:12,301 DEBUG [JavaFX Application Thread] o.h.t.BasicTypeRegistry [BasicTypeRegistry.java:146] Adding type registration java.lang.Float -> org.hibernate.type.FloatType@263031c3
2014-10-19 16:03:12,302 DEBUG [JavaFX Application Thread] o.h.t.BasicTypeRegistry [BasicTypeRegistry.java:146] Adding type registration double -> org.hibernate.type.DoubleType@e951383
2014-10-19 16:03:12,302 DEBUG [JavaFX Application Thread] o.h.t.BasicTypeRegistry [BasicTypeRegistry.java:146] Adding type registration double -> org.hibernate.type.DoubleType@e951383
2014-10-19 16:03:12,302 DEBUG [JavaFX Application Thread] o.h.t.BasicTypeRegistry [BasicTypeRegistry.java:146] Adding type registration java.lang.Double -> org.hibernate.type.DoubleType@e951383
2014-10-19 16:03:12,304 DEBUG [JavaFX Application Thread] o.h.t.BasicTypeRegistry [BasicTypeRegistry.java:146] Adding type registration big_decimal -> org.hibernate.type.BigDecimalType@3a7b2f0d
2014-10-19 16:03:12,304 DEBUG [JavaFX Application Thread] o.h.t.BasicTypeRegistry [BasicTypeRegistry.java:146] Adding type registration java.math.BigDecimal -> org.hibernate.type.BigDecimalType@3a7b2f0d
2014-10-19 16:03:12,305 DEBUG [JavaFX Application Thread] o.h.t.BasicTypeRegistry [BasicTypeRegistry.java:146] Adding type registration big_integer -> org.hibernate.type.BigIntegerType@3a748579
2014-10-19 16:03:12,305 DEBUG [JavaFX Application Thread] o.h.t.BasicTypeRegistry [BasicTypeRegistry.java:146] Adding type registration java.math.BigInteger -> org.hibernate.type.BigIntegerType@3a748579
2014-10-19 16:03:12,306 DEBUG [JavaFX Application Thread] o.h.t.BasicTypeRegistry [BasicTypeRegistry.java:146] Adding type registration string -> org.hibernate.type.StringType@622c6d9c
2014-10-19 16:03:12,306 DEBUG [JavaFX Application Thread] o.h.t.BasicTypeRegistry [BasicTypeRegistry.java:146] Adding type registration java.lang.String -> org.hibernate.type.StringType@622c6d9c
2014-10-19 16:03:12,307 DEBUG [JavaFX Application Thread] o.h.t.BasicTypeRegistry [BasicTypeRegistry.java:146] Adding type registration nstring -> org.hibernate.type.StringNVarcharType@400e5df0
2014-10-19 16:03:12,308 DEBUG [JavaFX Application Thread] o.h.t.BasicTypeRegistry [BasicTypeRegistry.java:146] Adding type registration ncharacter -> org.hibernate.type.CharacterNCharType@20b6adc1
2014-10-19 16:03:12,309 DEBUG [JavaFX Application Thread] o.h.t.BasicTypeRegistry [BasicTypeRegistry.java:146] Adding type registration url -> org.hibernate.type.UrlType@77f51f4d
2014-10-19 16:03:12,309 DEBUG [JavaFX Application Thread] o.h.t.BasicTypeRegistry [BasicTypeRegistry.java:146] Adding type registration java.net.URL -> org.hibernate.type.UrlType@77f51f4d
2014-10-19 16:03:12,311 DEBUG [JavaFX Application Thread] o.h.t.BasicTypeRegistry [BasicTypeRegistry.java:146] Adding type registration date -> org.hibernate.type.DateType@28b08acd
2014-10-19 16:03:12,311 DEBUG [JavaFX Application Thread] o.h.t.BasicTypeRegistry [BasicTypeRegistry.java:146] Adding type registration java.sql.Date -> org.hibernate.type.DateType@28b08acd
2014-10-19 16:03:12,312 DEBUG [JavaFX Application Thread] o.h.t.BasicTypeRegistry [BasicTypeRegistry.java:146] Adding type registration time -> org.hibernate.type.TimeType@2198707f
2014-10-19 16:03:12,313 DEBUG [JavaFX Application Thread] o.h.t.BasicTypeRegistry [BasicTypeRegistry.java:146] Adding type registration java.sql.Time -> org.hibernate.type.TimeType@2198707f
2014-10-19 16:03:12,314 DEBUG [JavaFX Application Thread] o.h.t.BasicTypeRegistry [BasicTypeRegistry.java:146] Adding type registration timestamp -> org.hibernate.type.TimestampType@3a53315f
2014-10-19 16:03:12,314 DEBUG [JavaFX Application Thread] o.h.t.BasicTypeRegistry [BasicTypeRegistry.java:146] Adding type registration java.sql.Timestamp -> org.hibernate.type.TimestampType@3a53315f
2014-10-19 16:03:12,314 DEBUG [JavaFX Application Thread] o.h.t.BasicTypeRegistry [BasicTypeRegistry.java:146] Adding type registration java.util.Date -> org.hibernate.type.TimestampType@3a53315f
2014-10-19 16:03:12,316 DEBUG [JavaFX Application Thread] o.h.t.BasicTypeRegistry [BasicTypeRegistry.java:146] Adding type registration dbtimestamp -> org.hibernate.type.DbTimestampType@48ce9626
2014-10-19 16:03:12,317 DEBUG [JavaFX Application Thread] o.h.t.BasicTypeRegistry [BasicTypeRegistry.java:146] Adding type registration calendar -> org.hibernate.type.CalendarType@7584ce4b
2014-10-19 16:03:12,317 DEBUG [JavaFX Application Thread] o.h.t.BasicTypeRegistry [BasicTypeRegistry.java:146] Adding type registration java.util.Calendar -> org.hibernate.type.CalendarType@7584ce4b
2014-10-19 16:03:12,317 DEBUG [JavaFX Application Thread] o.h.t.BasicTypeRegistry [BasicTypeRegistry.java:146] Adding type registration java.util.GregorianCalendar -> org.hibernate.type.CalendarType@7584ce4b
2014-10-19 16:03:12,318 DEBUG [JavaFX Application Thread] o.h.t.BasicTypeRegistry [BasicTypeRegistry.java:146] Adding type registration calendar_date -> org.hibernate.type.CalendarDateType@4f55de8c
2014-10-19 16:03:12,318 DEBUG [JavaFX Application Thread] o.h.t.BasicTypeRegistry [BasicTypeRegistry.java:146] Adding type registration locale -> org.hibernate.type.LocaleType@3fdaab23
2014-10-19 16:03:12,319 DEBUG [JavaFX Application Thread] o.h.t.BasicTypeRegistry [BasicTypeRegistry.java:146] Adding type registration java.util.Locale -> org.hibernate.type.LocaleType@3fdaab23
2014-10-19 16:03:12,319 DEBUG [JavaFX Application Thread] o.h.t.BasicTypeRegistry [BasicTypeRegistry.java:146] Adding type registration currency -> org.hibernate.type.CurrencyType@51a968ea
2014-10-19 16:03:12,320 DEBUG [JavaFX Application Thread] o.h.t.BasicTypeRegistry [BasicTypeRegistry.java:146] Adding type registration java.util.Currency -> org.hibernate.type.CurrencyType@51a968ea
2014-10-19 16:03:12,320 DEBUG [JavaFX Application Thread] o.h.t.BasicTypeRegistry [BasicTypeRegistry.java:146] Adding type registration timezone -> org.hibernate.type.TimeZoneType@46257634
2014-10-19 16:03:12,320 DEBUG [JavaFX Application Thread] o.h.t.BasicTypeRegistry [BasicTypeRegistry.java:146] Adding type registration java.util.TimeZone -> org.hibernate.type.TimeZoneType@46257634
2014-10-19 16:03:12,321 DEBUG [JavaFX Application Thread] o.h.t.BasicTypeRegistry [BasicTypeRegistry.java:146] Adding type registration class -> org.hibernate.type.ClassType@1687f26
2014-10-19 16:03:12,321 DEBUG [JavaFX Application Thread] o.h.t.BasicTypeRegistry [BasicTypeRegistry.java:146] Adding type registration java.lang.Class -> org.hibernate.type.ClassType@1687f26
2014-10-19 16:03:12,323 DEBUG [JavaFX Application Thread] o.h.t.BasicTypeRegistry [BasicTypeRegistry.java:146] Adding type registration uuid-binary -> org.hibernate.type.UUIDBinaryType@3c1ca28f
2014-10-19 16:03:12,323 DEBUG [JavaFX Application Thread] o.h.t.BasicTypeRegistry [BasicTypeRegistry.java:146] Adding type registration java.util.UUID -> org.hibernate.type.UUIDBinaryType@3c1ca28f
2014-10-19 16:03:12,323 DEBUG [JavaFX Application Thread] o.h.t.BasicTypeRegistry [BasicTypeRegistry.java:146] Adding type registration uuid-char -> org.hibernate.type.UUIDCharType@1ff5fb54
2014-10-19 16:03:12,324 DEBUG [JavaFX Application Thread] o.h.t.BasicTypeRegistry [BasicTypeRegistry.java:146] Adding type registration pg-uuid -> org.hibernate.type.PostgresUUIDType@40b14acb
2014-10-19 16:03:12,325 DEBUG [JavaFX Application Thread] o.h.t.BasicTypeRegistry [BasicTypeRegistry.java:146] Adding type registration binary -> org.hibernate.type.BinaryType@5ee7ebba
2014-10-19 16:03:12,325 DEBUG [JavaFX Application Thread] o.h.t.BasicTypeRegistry [BasicTypeRegistry.java:146] Adding type registration byte[] -> org.hibernate.type.BinaryType@5ee7ebba
2014-10-19 16:03:12,325 DEBUG [JavaFX Application Thread] o.h.t.BasicTypeRegistry [BasicTypeRegistry.java:146] Adding type registration [B -> org.hibernate.type.BinaryType@5ee7ebba
2014-10-19 16:03:12,326 DEBUG [JavaFX Application Thread] o.h.t.BasicTypeRegistry [BasicTypeRegistry.java:146] Adding type registration wrapper-binary -> org.hibernate.type.WrapperBinaryType@3458ffa2
2014-10-19 16:03:12,326 DEBUG [JavaFX Application Thread] o.h.t.BasicTypeRegistry [BasicTypeRegistry.java:146] Adding type registration Byte[] -> org.hibernate.type.WrapperBinaryType@3458ffa2
2014-10-19 16:03:12,326 DEBUG [JavaFX Application Thread] o.h.t.BasicTypeRegistry [BasicTypeRegistry.java:146] Adding type registration [Ljava.lang.Byte; -> org.hibernate.type.WrapperBinaryType@3458ffa2
2014-10-19 16:03:12,327 DEBUG [JavaFX Application Thread] o.h.t.BasicTypeRegistry [BasicTypeRegistry.java:146] Adding type registration image -> org.hibernate.type.ImageType@1aa8c51d
2014-10-19 16:03:12,328 DEBUG [JavaFX Application Thread] o.h.t.BasicTypeRegistry [BasicTypeRegistry.java:146] Adding type registration characters -> org.hibernate.type.CharArrayType@74ccdc5c
2014-10-19 16:03:12,328 DEBUG [JavaFX Application Thread] o.h.t.BasicTypeRegistry [BasicTypeRegistry.java:146] Adding type registration char[] -> org.hibernate.type.CharArrayType@74ccdc5c
2014-10-19 16:03:12,328 DEBUG [JavaFX Application Thread] o.h.t.BasicTypeRegistry [BasicTypeRegistry.java:146] Adding type registration [C -> org.hibernate.type.CharArrayType@74ccdc5c
2014-10-19 16:03:12,329 DEBUG [JavaFX Application Thread] o.h.t.BasicTypeRegistry [BasicTypeRegistry.java:146] Adding type registration wrapper-characters -> org.hibernate.type.CharacterArrayType@cf99130
2014-10-19 16:03:12,329 DEBUG [JavaFX Application Thread] o.h.t.BasicTypeRegistry [BasicTypeRegistry.java:146] Adding type registration [Ljava.lang.Character; -> org.hibernate.type.CharacterArrayType@cf99130
2014-10-19 16:03:12,329 DEBUG [JavaFX Application Thread] o.h.t.BasicTypeRegistry [BasicTypeRegistry.java:146] Adding type registration Character[] -> org.hibernate.type.CharacterArrayType@cf99130
2014-10-19 16:03:12,330 DEBUG [JavaFX Application Thread] o.h.t.BasicTypeRegistry [BasicTypeRegistry.java:146] Adding type registration text -> org.hibernate.type.TextType@46e5e343
2014-10-19 16:03:12,330 DEBUG [JavaFX Application Thread] o.h.t.BasicTypeRegistry [BasicTypeRegistry.java:146] Adding type registration ntext -> org.hibernate.type.NTextType@20664d49
2014-10-19 16:03:12,334 DEBUG [JavaFX Application Thread] o.h.t.BasicTypeRegistry [BasicTypeRegistry.java:146] Adding type registration blob -> org.hibernate.type.BlobType@1653b41e
2014-10-19 16:03:12,334 DEBUG [JavaFX Application Thread] o.h.t.BasicTypeRegistry [BasicTypeRegistry.java:146] Adding type registration java.sql.Blob -> org.hibernate.type.BlobType@1653b41e
2014-10-19 16:03:12,335 DEBUG [JavaFX Application Thread] o.h.t.BasicTypeRegistry [BasicTypeRegistry.java:146] Adding type registration materialized_blob -> org.hibernate.type.MaterializedBlobType@77a314a5
2014-10-19 16:03:12,339 DEBUG [JavaFX Application Thread] o.h.t.BasicTypeRegistry [BasicTypeRegistry.java:146] Adding type registration clob -> org.hibernate.type.ClobType@59ad2044
2014-10-19 16:03:12,339 DEBUG [JavaFX Application Thread] o.h.t.BasicTypeRegistry [BasicTypeRegistry.java:146] Adding type registration java.sql.Clob -> org.hibernate.type.ClobType@59ad2044
2014-10-19 16:03:12,341 DEBUG [JavaFX Application Thread] o.h.t.BasicTypeRegistry [BasicTypeRegistry.java:146] Adding type registration nclob -> org.hibernate.type.NClobType@28782aa1
2014-10-19 16:03:12,342 DEBUG [JavaFX Application Thread] o.h.t.BasicTypeRegistry [BasicTypeRegistry.java:146] Adding type registration java.sql.NClob -> org.hibernate.type.NClobType@28782aa1
2014-10-19 16:03:12,342 DEBUG [JavaFX Application Thread] o.h.t.BasicTypeRegistry [BasicTypeRegistry.java:146] Adding type registration materialized_clob -> org.hibernate.type.MaterializedClobType@4cf81f56
2014-10-19 16:03:12,343 DEBUG [JavaFX Application Thread] o.h.t.BasicTypeRegistry [BasicTypeRegistry.java:146] Adding type registration materialized_nclob -> org.hibernate.type.MaterializedNClobType@7e43bb1c
2014-10-19 16:03:12,344 DEBUG [JavaFX Application Thread] o.h.t.BasicTypeRegistry [BasicTypeRegistry.java:146] Adding type registration serializable -> org.hibernate.type.SerializableType@179e443a
2014-10-19 16:03:12,346 DEBUG [JavaFX Application Thread] o.h.t.BasicTypeRegistry [BasicTypeRegistry.java:146] Adding type registration object -> org.hibernate.type.ObjectType@4bd71402
2014-10-19 16:03:12,346 DEBUG [JavaFX Application Thread] o.h.t.BasicTypeRegistry [BasicTypeRegistry.java:146] Adding type registration java.lang.Object -> org.hibernate.type.ObjectType@4bd71402
2014-10-19 16:03:12,346 DEBUG [JavaFX Application Thread] o.h.t.BasicTypeRegistry [BasicTypeRegistry.java:146] Adding type registration imm_date -> org.hibernate.type.AdaptedImmutableType@338e5691
2014-10-19 16:03:12,347 DEBUG [JavaFX Application Thread] o.h.t.BasicTypeRegistry [BasicTypeRegistry.java:146] Adding type registration imm_time -> org.hibernate.type.AdaptedImmutableType@408a33e6
2014-10-19 16:03:12,347 DEBUG [JavaFX Application Thread] o.h.t.BasicTypeRegistry [BasicTypeRegistry.java:146] Adding type registration imm_timestamp -> org.hibernate.type.AdaptedImmutableType@3b4bf352
2014-10-19 16:03:12,347 DEBUG [JavaFX Application Thread] o.h.t.BasicTypeRegistry [BasicTypeRegistry.java:146] Adding type registration imm_dbtimestamp -> org.hibernate.type.AdaptedImmutableType@2c6f64d0
2014-10-19 16:03:12,347 DEBUG [JavaFX Application Thread] o.h.t.BasicTypeRegistry [BasicTypeRegistry.java:146] Adding type registration imm_calendar -> org.hibernate.type.AdaptedImmutableType@6d949512
2014-10-19 16:03:12,347 DEBUG [JavaFX Application Thread] o.h.t.BasicTypeRegistry [BasicTypeRegistry.java:146] Adding type registration imm_calendar_date -> org.hibernate.type.AdaptedImmutableType@7c108e45
2014-10-19 16:03:12,347 DEBUG [JavaFX Application Thread] o.h.t.BasicTypeRegistry [BasicTypeRegistry.java:146] Adding type registration imm_binary -> org.hibernate.type.AdaptedImmutableType@18a523f6
2014-10-19 16:03:12,347 DEBUG [JavaFX Application Thread] o.h.t.BasicTypeRegistry [BasicTypeRegistry.java:146] Adding type registration imm_serializable -> org.hibernate.type.AdaptedImmutableType@4f3b9dd6
2014-10-19 16:03:12,360 INFO [JavaFX Application Thread] o.h.a.c.Version [JavaReflectionManager.java:66] HCANN000001: Hibernate Commons Annotations {4.0.5.Final}
2014-10-19 16:03:12,365 INFO [JavaFX Application Thread] o.h.Version [Version.java:54] HHH000412: Hibernate Core {4.3.6.Final}
2014-10-19 16:03:12,367 INFO [JavaFX Application Thread] o.h.c.Environment [Environment.java:239] HHH000206: hibernate.properties not found
2014-10-19 16:03:12,368 INFO [JavaFX Application Thread] o.h.c.Environment [Environment.java:346] HHH000021: Bytecode provider name : javassist
2014-10-19 16:03:12,376 DEBUG [JavaFX Application Thread] o.h.i.f.i.DefaultIdentifierGeneratorFactory [DefaultIdentifierGeneratorFactory.java:93] Registering IdentifierGenerator strategy [uuid2] -> [org.hibernate.id.UUIDGenerator]
2014-10-19 16:03:12,377 DEBUG [JavaFX Application Thread] o.h.i.f.i.DefaultIdentifierGeneratorFactory [DefaultIdentifierGeneratorFactory.java:93] Registering IdentifierGenerator strategy [guid] -> [org.hibernate.id.GUIDGenerator]
2014-10-19 16:03:12,378 DEBUG [JavaFX Application Thread] o.h.i.f.i.DefaultIdentifierGeneratorFactory [DefaultIdentifierGeneratorFactory.java:93] Registering IdentifierGenerator strategy [uuid] -> [org.hibernate.id.UUIDHexGenerator]
2014-10-19 16:03:12,378 DEBUG [JavaFX Application Thread] o.h.i.f.i.DefaultIdentifierGeneratorFactory [DefaultIdentifierGeneratorFactory.java:93] Registering IdentifierGenerator strategy [uuid.hex] -> [org.hibernate.id.UUIDHexGenerator]
2014-10-19 16:03:12,379 DEBUG [JavaFX Application Thread] o.h.i.f.i.DefaultIdentifierGeneratorFactory [DefaultIdentifierGeneratorFactory.java:93] Registering IdentifierGenerator strategy [hilo] -> [org.hibernate.id.TableHiLoGenerator]
2014-10-19 16:03:12,380 DEBUG [JavaFX Application Thread] o.h.i.f.i.DefaultIdentifierGeneratorFactory [DefaultIdentifierGeneratorFactory.java:93] Registering IdentifierGenerator strategy [assigned] -> [org.hibernate.id.Assigned]
2014-10-19 16:03:12,381 DEBUG [JavaFX Application Thread] o.h.i.f.i.DefaultIdentifierGeneratorFactory [DefaultIdentifierGeneratorFactory.java:93] Registering IdentifierGenerator strategy [identity] -> [org.hibernate.id.IdentityGenerator]
2014-10-19 16:03:12,381 DEBUG [JavaFX Application Thread] o.h.i.f.i.DefaultIdentifierGeneratorFactory [DefaultIdentifierGeneratorFactory.java:93] Registering IdentifierGenerator strategy [select] -> [org.hibernate.id.SelectGenerator]
2014-10-19 16:03:12,381 DEBUG [JavaFX Application Thread] o.h.i.f.i.DefaultIdentifierGeneratorFactory [DefaultIdentifierGeneratorFactory.java:93] Registering IdentifierGenerator strategy [sequence] -> [org.hibernate.id.SequenceGenerator]
2014-10-19 16:03:12,382 DEBUG [JavaFX Application Thread] o.h.i.f.i.DefaultIdentifierGeneratorFactory [DefaultIdentifierGeneratorFactory.java:93] Registering IdentifierGenerator strategy [seqhilo] -> [org.hibernate.id.SequenceHiLoGenerator]
2014-10-19 16:03:12,383 DEBUG [JavaFX Application Thread] o.h.i.f.i.DefaultIdentifierGeneratorFactory [DefaultIdentifierGeneratorFactory.java:93] Registering IdentifierGenerator strategy [increment] -> [org.hibernate.id.IncrementGenerator]
2014-10-19 16:03:12,383 DEBUG [JavaFX Application Thread] o.h.i.f.i.DefaultIdentifierGeneratorFactory [DefaultIdentifierGeneratorFactory.java:93] Registering IdentifierGenerator strategy [foreign] -> [org.hibernate.id.ForeignGenerator]
2014-10-19 16:03:12,383 DEBUG [JavaFX Application Thread] o.h.i.f.i.DefaultIdentifierGeneratorFactory [DefaultIdentifierGeneratorFactory.java:93] Registering IdentifierGenerator strategy [sequence-identity] -> [org.hibernate.id.SequenceIdentityGenerator]
2014-10-19 16:03:12,384 DEBUG [JavaFX Application Thread] o.h.i.f.i.DefaultIdentifierGeneratorFactory [DefaultIdentifierGeneratorFactory.java:93] Registering IdentifierGenerator strategy [enhanced-sequence] -> [org.hibernate.id.enhanced.SequenceStyleGenerator]
2014-10-19 16:03:12,385 DEBUG [JavaFX Application Thread] o.h.i.f.i.DefaultIdentifierGeneratorFactory [DefaultIdentifierGeneratorFactory.java:93] Registering IdentifierGenerator strategy [enhanced-table] -> [org.hibernate.id.enhanced.TableGenerator]
2014-10-19 16:03:12,386 INFO [JavaFX Application Thread] o.h.c.Configuration [Configuration.java:2073] HHH000043: Configuring from resource: cablegate/infrastructure/hibernate.cfg.xml
2014-10-19 16:03:12,386 INFO [JavaFX Application Thread] o.h.c.Configuration [Configuration.java:2092] HHH000040: Configuration resource: cablegate/infrastructure/hibernate.cfg.xml
2014-10-19 16:03:12,407 DEBUG [JavaFX Application Thread] o.h.i.u.x.DTDEntityResolver [DTDEntityResolver.java:69] Trying to resolve system-id [http://www.hibernate.org/dtd/hibernate-configuration-3.0.dtd]
2014-10-19 16:03:12,407 DEBUG [JavaFX Application Thread] o.h.i.u.x.DTDEntityResolver [DTDEntityResolver.java:71] Recognized hibernate namespace; attempting to resolve on classpath under org/hibernate/
2014-10-19 16:03:12,408 DEBUG [JavaFX Application Thread] o.h.i.u.x.DTDEntityResolver [DTDEntityResolver.java:108] Located [http://www.hibernate.org/dtd/hibernate-configuration-3.0.dtd] in classpath
2014-10-19 16:03:12,421 DEBUG [JavaFX Application Thread] o.h.c.Configuration [Configuration.java:2035] connection.driver_class=org.apache.derby.jdbc.EmbeddedDriver
2014-10-19 16:03:12,421 DEBUG [JavaFX Application Thread] o.h.c.Configuration [Configuration.java:2035] dialect=org.hibernate.dialect.DerbyTenSevenDialect
2014-10-19 16:03:12,422 DEBUG [JavaFX Application Thread] o.h.c.Configuration [Configuration.java:2035] cache.provider_class=org.hibernate.cache.internal.NoCacheProvider
2014-10-19 16:03:12,422 DEBUG [JavaFX Application Thread] o.h.c.Configuration [Configuration.java:2035] hibernate.cache.use_second_level_cache=false
2014-10-19 16:03:12,422 DEBUG [JavaFX Application Thread] o.h.c.Configuration [Configuration.java:2035] hibernate.jdbc.batch_size=1000
2014-10-19 16:03:12,422 DEBUG [JavaFX Application Thread] o.h.c.Configuration [Configuration.java:2035] hibernate.connection.pool_size=1
2014-10-19 16:03:12,422 DEBUG [JavaFX Application Thread] o.h.c.Configuration [Configuration.java:2035] hibernate.hbm2ddl.auto=update
2014-10-19 16:03:12,422 DEBUG [JavaFX Application Thread] o.h.c.Configuration [Configuration.java:2035] show_sql=false
2014-10-19 16:03:12,423 DEBUG [JavaFX Application Thread] o.h.c.Configuration [Configuration.java:2035] hibernate.search.default.directory_provider=filesystem
2014-10-19 16:03:12,423 DEBUG [JavaFX Application Thread] o.h.c.Configuration [Configuration.java:2035] hibernate.search.lucene_version=LUCENE_36
2014-10-19 16:03:12,423 DEBUG [JavaFX Application Thread] o.h.c.Configuration [Configuration.java:2254] Session-factory config [null] named resource [cablegate/models/Cable.hbm.xml] for mapping
2014-10-19 16:03:12,423 INFO [JavaFX Application Thread] o.h.c.Configuration [Configuration.java:757] HHH000221: Reading mappings from resource: cablegate/models/Cable.hbm.xml
2014-10-19 16:03:12,445 DEBUG [JavaFX Application Thread] o.h.i.u.x.DTDEntityResolver [DTDEntityResolver.java:69] Trying to resolve system-id [http://www.hibernate.org/dtd/hibernate-mapping-3.0.dtd]
2014-10-19 16:03:12,445 DEBUG [JavaFX Application Thread] o.h.i.u.x.DTDEntityResolver [DTDEntityResolver.java:71] Recognized hibernate namespace; attempting to resolve on classpath under org/hibernate/
2014-10-19 16:03:12,446 DEBUG [JavaFX Application Thread] o.h.i.u.x.DTDEntityResolver [DTDEntityResolver.java:108] Located [http://www.hibernate.org/dtd/hibernate-mapping-3.0.dtd] in classpath
2014-10-19 16:03:12,475 INFO [JavaFX Application Thread] o.h.c.Configuration [Configuration.java:2214] HHH000041: Configured SessionFactory: null
2014-10-19 16:03:12,475 DEBUG [JavaFX Application Thread] o.h.c.Configuration [Configuration.java:2215] Properties: {javafx.version=8.0.20, java.runtime.name=Java(TM) SE Runtime Environment, hibernate.cache.provider_class=org.hibernate.cache.internal.NoCacheProvider, sun.boot.library.path=C:\Program Files\Java\jdk1.8.0_20\jre\bin, java.vm.version=25.20-b23, java.vm.vendor=Oracle Corporation, java.vendor.url=http://java.oracle.com/, path.separator=;, java.vm.name=Java HotSpot(TM) 64-Bit Server VM, file.encoding.pkg=sun.io, user.script=, user.country=AU, sun.java.launcher=SUN_STANDARD, sun.os.patch.level=Service Pack 1, java.vm.specification.name=Java Virtual Machine Specification, user.dir=D:\Users\Matthew\git\FIT3036\CableGateProgram, java.runtime.version=1.8.0_20-b26, java.awt.graphicsenv=sun.awt.Win32GraphicsEnvironment, javafx.runtime.version=8.0.20-b26, java.endorsed.dirs=C:\Program Files\Java\jdk1.8.0_20\jre\lib\endorsed, os.arch=amd64, java.io.tmpdir=C:\Users\Matthew\AppData\Local\Temp\, line.separator=
, java.vm.specification.vendor=Oracle Corporation, cache.provider_class=org.hibernate.cache.internal.NoCacheProvider, user.variant=, hibernate.cache.use_second_level_cache=false, os.name=Windows 7, sun.jnu.encoding=Cp1252, java.library.path=C:\Program Files\Java\jdk1.8.0_20\bin;C:\Windows\Sun\Java\bin;C:\Windows\system32;C:\Windows;C:/Program Files/Java/jre1.8.0_25/bin/server;C:/Program Files/Java/jre1.8.0_25/bin;C:/Program Files/Java/jre1.8.0_25/lib/amd64;C:\Program Files (x86)\NVIDIA Corporation\PhysX\Common;C:\ProgramData\Oracle\Java\javapath;D:\Program Files (x86)\Windows Resource Kits\Tools\;C:\Program Files (x86)\Common Files\Microsoft Shared\Windows Live;C:\Windows\system32;C:\Windows;C:\Windows\System32\Wbem;C:\Windows\System32\WindowsPowerShell\v1.0\;D:\Program Files (x86)\QuickTime\QTSystem\;D:\Program Files\MATLAB\R2013a\runtime\win64;D:\Program Files\MATLAB\R2013a\bin;C:\cygwin64\bin;D:\Program Files\Adobe\Adobe PDF iFilter 9 for 64-bit platforms\bin;C:\Program Files\Java\jdk1.7.0_25\bin;D:\Program Files (x86)\MiKTeX 2.9\miktex\bin\;C:\Program Files\Common Files\Microsoft Shared\Windows Live;D:\Program Files\eclipse Java;;., java.specification.name=Java Platform API Specification, java.class.version=52.0, hibernate.connection.pool_size=1, sun.management.compiler=HotSpot 64-Bit Tiered Compilers, os.version=6.1, user.home=C:\Users\Matthew, user.timezone=Australia/Sydney, java.awt.printerjob=sun.awt.windows.WPrinterJob, file.encoding=Cp1252, java.specification.version=1.8, hibernate.connection.driver_class=org.apache.derby.jdbc.EmbeddedDriver, show_sql=false, java.class.path=D:\Users\Matthew\git\FIT3036\CableGateProgram\target\classes;C:\Users\Matthew\.m2\repository\ch\qos\logback\logback-classic\1.1.2\logback-classic-1.1.2.jar;C:\Users\Matthew\.m2\repository\ch\qos\logback\logback-core\1.1.2\logback-core-1.1.2.jar;C:\Users\Matthew\.m2\repository\org\slf4j\slf4j-api\1.7.7\slf4j-api-1.7.7.jar;C:\Users\Matthew\.m2\repository\net\sf\supercsv\super-csv-dozer\2.2.0\super-csv-dozer-2.2.0.jar;C:\Users\Matthew\.m2\repository\net\sf\dozer\dozer\5.4.0\dozer-5.4.0.jar;C:\Users\Matthew\.m2\repository\commons-beanutils\commons-beanutils\1.8.3\commons-beanutils-1.8.3.jar;C:\Users\Matthew\.m2\repository\org\slf4j\jcl-over-slf4j\1.6.6\jcl-over-slf4j-1.6.6.jar;C:\Users\Matthew\.m2\repository\net\sf\supercsv\super-csv\2.2.0\super-csv-2.2.0.jar;C:\Users\Matthew\.m2\repository\org\apache\derby\derby\10.10.2.0\derby-10.10.2.0.jar;C:\Users\Matthew\.m2\repository\org\javafxdata\datafx-flow\8.0b5\datafx-flow-8.0b5.jar;C:\Users\Matthew\.m2\repository\javax\validation\validation-api\1.1.0.Final\validation-api-1.1.0.Final.jar;C:\Users\Matthew\.m2\repository\org\javassist\javassist\3.18.1-GA\javassist-3.18.1-GA.jar;C:\Users\Matthew\.m2\repository\javax\inject\javax.inject\1\javax.inject-1.jar;C:\Users\Matthew\.m2\repository\org\javafxdata\datafx-core\8.0b5\datafx-core-8.0b5.jar;C:\Users\Matthew\.m2\repository\org\hibernate\hibernate-core\4.3.6.Final\hibernate-core-4.3.6.Final.jar;C:\Users\Matthew\.m2\repository\org\jboss\logging\jboss-logging\3.1.3.GA\jboss-logging-3.1.3.GA.jar;C:\Users\Matthew\.m2\repository\org\jboss\logging\jboss-logging-annotations\1.2.0.Beta1\jboss-logging-annotations-1.2.0.Beta1.jar;C:\Users\Matthew\.m2\repository\org\jboss\spec\javax\transaction\jboss-transaction-api_1.2_spec\1.0.0.Final\jboss-transaction-api_1.2_spec-1.0.0.Final.jar;C:\Users\Matthew\.m2\repository\dom4j\dom4j\1.6.1\dom4j-1.6.1.jar;C:\Users\Matthew\.m2\repository\xml-apis\xml-apis\1.0.b2\xml-apis-1.0.b2.jar;C:\Users\Matthew\.m2\repository\org\hibernate\common\hibernate-commons-annotations\4.0.5.Final\hibernate-commons-annotations-4.0.5.Final.jar;C:\Users\Matthew\.m2\repository\org\hibernate\javax\persistence\hibernate-jpa-2.1-api\1.0.0.Final\hibernate-jpa-2.1-api-1.0.0.Final.jar;C:\Users\Matthew\.m2\repository\antlr\antlr\2.7.7\antlr-2.7.7.jar;C:\Users\Matthew\.m2\repository\org\jboss\jandex\1.1.0.Final\jandex-1.1.0.Final.jar;C:\Users\Matthew\.m2\repository\org\hibernate\hibernate-search\4.5.1.Final\hibernate-search-4.5.1.Final.jar;C:\Users\Matthew\.m2\repository\org\hibernate\hibernate-search-orm\4.5.1.Final\hibernate-search-orm-4.5.1.Final.jar;C:\Users\Matthew\.m2\repository\org\hibernate\hibernate-search-engine\4.5.1.Final\hibernate-search-engine-4.5.1.Final.jar;C:\Users\Matthew\.m2\repository\org\apache\avro\avro\1.7.6\avro-1.7.6.jar;C:\Users\Matthew\.m2\repository\org\codehaus\jackson\jackson-core-asl\1.9.13\jackson-core-asl-1.9.13.jar;C:\Users\Matthew\.m2\repository\org\codehaus\jackson\jackson-mapper-asl\1.9.13\jackson-mapper-asl-1.9.13.jar;C:\Users\Matthew\.m2\repository\com\thoughtworks\paranamer\paranamer\2.3\paranamer-2.3.jar;C:\Users\Matthew\.m2\repository\org\apache\commons\commons-compress\1.4.1\commons-compress-1.4.1.jar;C:\Users\Matthew\.m2\repository\org\apache\lucene\lucene-facet\3.6.2\lucene-facet-3.6.2.jar;C:\Users\Matthew\.m2\repository\org\hibernate\hibernate-search-analyzers\4.5.1.Final\hibernate-search-analyzers-4.5.1.Final.jar;C:\Users\Matthew\.m2\repository\org\apache\lucene\lucene-core\3.6.2\lucene-core-3.6.2.jar;C:\Users\Matthew\.m2\repository\org\apache\lucene\lucene-analyzers\3.6.2\lucene-analyzers-3.6.2.jar;C:\Users\Matthew\.m2\repository\org\apache\solr\solr-analysis-extras\3.6.2\solr-analysis-extras-3.6.2.jar;C:\Users\Matthew\.m2\repository\org\apache\solr\solr-core\3.6.2\solr-core-3.6.2.jar;C:\Users\Matthew\.m2\repository\org\apache\solr\solr-solrj\3.6.2\solr-solrj-3.6.2.jar;C:\Users\Matthew\.m2\repository\org\apache\lucene\lucene-highlighter\3.6.2\lucene-highlighter-3.6.2.jar;C:\Users\Matthew\.m2\repository\org\apache\lucene\lucene-kuromoji\3.6.2\lucene-kuromoji-3.6.2.jar;C:\Users\Matthew\.m2\repository\org\apache\lucene\lucene-memory\3.6.2\lucene-memory-3.6.2.jar;C:\Users\Matthew\.m2\repository\org\apache\lucene\lucene-misc\3.6.2\lucene-misc-3.6.2.jar;C:\Users\Matthew\.m2\repository\org\apache\lucene\lucene-phonetic\3.6.2\lucene-phonetic-3.6.2.jar;C:\Users\Matthew\.m2\repository\org\apache\lucene\lucene-spatial\3.6.2\lucene-spatial-3.6.2.jar;C:\Users\Matthew\.m2\repository\org\apache\lucene\lucene-spellchecker\3.6.2\lucene-spellchecker-3.6.2.jar;C:\Users\Matthew\.m2\repository\org\apache\lucene\lucene-grouping\3.6.2\lucene-grouping-3.6.2.jar;C:\Users\Matthew\.m2\repository\commons-codec\commons-codec\1.6\commons-codec-1.6.jar;C:\Users\Matthew\.m2\repository\commons-io\commons-io\2.1\commons-io-2.1.jar;C:\Users\Matthew\.m2\repository\commons-lang\commons-lang\2.6\commons-lang-2.6.jar;C:\Users\Matthew\.m2\repository\org\apache\lucene\lucene-smartcn\3.6.2\lucene-smartcn-3.6.2.jar;C:\Users\Matthew\.m2\repository\org\apache\lucene\lucene-stempel\3.6.2\lucene-stempel-3.6.2.jar;C:\Users\Matthew\.m2\repository\org\apache\commons\commons-lang3\3.3.2\commons-lang3-3.3.2.jar;C:\Users\Matthew\.m2\repository\com\lynden\GMapsFX\1.1.1\GMapsFX-1.1.1.jar, user.name=Matthew, hibernate.bytecode.use_reflection_optimizer=false, hibernate.show_sql=false, java.vm.specification.version=1.8, sun.java.command=cablegate.Main, java.home=C:\Program Files\Java\jdk1.8.0_20\jre, sun.arch.data.model=64, hibernate.dialect=org.hibernate.dialect.DerbyTenSevenDialect, user.language=en, java.specification.vendor=Oracle Corporation, awt.toolkit=sun.awt.windows.WToolkit, java.vm.info=mixed mode, java.version=1.8.0_20, java.ext.dirs=C:\Program Files\Java\jdk1.8.0_20\jre\lib\ext;C:\Windows\Sun\Java\lib\ext, sun.boot.class.path=C:\Program Files\Java\jdk1.8.0_20\jre\lib\resources.jar;C:\Program Files\Java\jdk1.8.0_20\jre\lib\rt.jar;C:\Program Files\Java\jdk1.8.0_20\jre\lib\sunrsasign.jar;C:\Program Files\Java\jdk1.8.0_20\jre\lib\jsse.jar;C:\Program Files\Java\jdk1.8.0_20\jre\lib\jce.jar;C:\Program Files\Java\jdk1.8.0_20\jre\lib\charsets.jar;C:\Program Files\Java\jdk1.8.0_20\jre\lib\jfr.jar;C:\Program Files\Java\jdk1.8.0_20\jre\classes, java.vendor=Oracle Corporation, hibernate.jdbc.batch_size=1000, hibernate.search.lucene_version=LUCENE_36, connection.driver_class=org.apache.derby.jdbc.EmbeddedDriver, file.separator=\, hibernate.hbm2ddl.auto=update, java.vendor.url.bug=http://bugreport.sun.com/bugreport/, sun.io.unicode.encoding=UnicodeLittle, sun.cpu.endian=little, hibernate.search.default.directory_provider=filesystem, sun.desktop=windows, dialect=org.hibernate.dialect.DerbyTenSevenDialect, sun.cpu.isalist=amd64}
2014-10-19 16:03:12,483 DEBUG [JavaFX Application Thread] o.h.i.i.IntegratorServiceImpl [IntegratorServiceImpl.java:63] Adding Integrator [org.hibernate.cfg.beanvalidation.BeanValidationIntegrator].
2014-10-19 16:03:12,484 DEBUG [JavaFX Application Thread] o.h.i.i.IntegratorServiceImpl [IntegratorServiceImpl.java:63] Adding Integrator [org.hibernate.secure.spi.JaccIntegrator].
2014-10-19 16:03:12,486 DEBUG [JavaFX Application Thread] o.h.i.i.IntegratorServiceImpl [IntegratorServiceImpl.java:63] Adding Integrator [org.hibernate.cache.internal.CollectionCacheInvalidator].
2014-10-19 16:03:12,493 DEBUG [JavaFX Application Thread] o.h.i.i.IntegratorServiceImpl [IntegratorServiceImpl.java:63] Adding Integrator [org.hibernate.search.hcore.impl.HibernateSearchIntegrator].
2014-10-19 16:03:12,505 DEBUG [JavaFX Application Thread] o.h.b.r.s.i.StrategySelectorImpl [StrategySelectorImpl.java:79] Registering named strategy selector [org.hibernate.dialect.Dialect] : [MySQL5] -> [org.hibernate.dialect.MySQL5Dialect] (replacing [org.hibernate.dialect.MySQL5Dialect])
2014-10-19 16:03:12,505 DEBUG [JavaFX Application Thread] o.h.b.r.s.i.StrategySelectorImpl [StrategySelectorImpl.java:79] Registering named strategy selector [org.hibernate.dialect.Dialect] : [MySQL5InnoDB] -> [org.hibernate.dialect.MySQL5InnoDBDialect] (replacing [org.hibernate.dialect.MySQL5InnoDBDialect])
2014-10-19 16:03:12,537 DEBUG [JavaFX Application Thread] o.h.s.s.ServiceBinding [ServiceBinding.java:85] Overriding existing service binding [org.hibernate.secure.spi.JaccService]
2014-10-19 16:03:12,537 DEBUG [JavaFX Application Thread] o.h.c.Configuration [Configuration.java:1841] Preparing to build session factory with filters : {}
2014-10-19 16:03:12,543 WARN [JavaFX Application Thread] o.h.e.j.c.i.DriverManagerConnectionProviderImpl [DriverManagerConnectionProviderImpl.java:93] HHH000402: Using Hibernate built-in connection pool (not for production use!)
2014-10-19 16:03:12,724 INFO [JavaFX Application Thread] o.h.e.j.c.i.DriverManagerConnectionProviderImpl [DriverManagerConnectionProviderImpl.java:166] HHH000401: using driver [org.apache.derby.jdbc.EmbeddedDriver] at URL [jdbc:derby:D:\Users\Matthew\git\FIT3036\CableGateProgram\CableGateFiles\DerbyDB;create=true]
2014-10-19 16:03:12,724 INFO [JavaFX Application Thread] o.h.e.j.c.i.DriverManagerConnectionProviderImpl [DriverManagerConnectionProviderImpl.java:172] HHH000046: Connection properties: {}
2014-10-19 16:03:12,724 INFO [JavaFX Application Thread] o.h.e.j.c.i.DriverManagerConnectionProviderImpl [DriverManagerConnectionProviderImpl.java:180] HHH000006: Autocommit mode: false
2014-10-19 16:03:12,725 INFO [JavaFX Application Thread] o.h.e.j.c.i.DriverManagerConnectionProviderImpl [DriverManagerConnectionProviderImpl.java:102] HHH000115: Hibernate connection pool size: 1 (min=1)
2014-10-19 16:03:12,726 DEBUG [JavaFX Application Thread] o.h.e.j.c.i.DriverManagerConnectionProviderImpl [DriverManagerConnectionProviderImpl.java:104] Initializing Connection pool with 1 Connections
2014-10-19 16:03:13,199 DEBUG [JavaFX Application Thread] o.h.e.j.i.JdbcServicesImpl [JdbcServicesImpl.java:128] Database ->
       name : Apache Derby
    version : 10.10.2.0 - (1582446)
      major : 10
      minor : 10
2014-10-19 16:03:13,199 DEBUG [JavaFX Application Thread] o.h.e.j.i.JdbcServicesImpl [JdbcServicesImpl.java:139] Driver ->
       name : Apache Derby Embedded JDBC Driver
    version : 10.10.2.0 - (1582446)
      major : 10
      minor : 10
2014-10-19 16:03:13,199 DEBUG [JavaFX Application Thread] o.h.e.j.i.JdbcServicesImpl [JdbcServicesImpl.java:150] JDBC version : 4.2
2014-10-19 16:03:13,200 DEBUG [JavaFX Application Thread] o.h.e.j.c.i.StandardRefCursorSupport [StandardRefCursorSupport.java:187] Unexpected error trying to gauge level of JDBC REF_CURSOR support : null
2014-10-19 16:03:13,358 INFO [JavaFX Application Thread] o.h.d.Dialect [Dialect.java:145] HHH000400: Using dialect: org.hibernate.dialect.DerbyTenSevenDialect
2014-10-19 16:03:13,405 DEBUG [JavaFX Application Thread] o.h.c.Configuration [Configuration.java:3748] Processing hbm.xml files
2014-10-19 16:03:13,417 DEBUG [JavaFX Application Thread] o.h.c.HbmBinder [HbmBinder.java:354] Mapping class: cablegate.models.Cable -> CABLES
2014-10-19 16:03:13,421 DEBUG [JavaFX Application Thread] o.h.c.HbmBinder [HbmBinder.java:1366] Mapped property: cableID -> CABLE_ID
2014-10-19 16:03:13,424 DEBUG [JavaFX Application Thread] o.h.c.HbmBinder [HbmBinder.java:1366] Mapped property: dateTime -> DATE_TIME
2014-10-19 16:03:13,424 DEBUG [JavaFX Application Thread] o.h.c.HbmBinder [HbmBinder.java:1366] Mapped property: cableNumber -> CABLE_NUMBER
2014-10-19 16:03:13,424 DEBUG [JavaFX Application Thread] o.h.c.HbmBinder [HbmBinder.java:1366] Mapped property: sender -> SENDER
2014-10-19 16:03:13,424 DEBUG [JavaFX Application Thread] o.h.c.HbmBinder [HbmBinder.java:1366] Mapped property: classification -> CLASSIFICATION
2014-10-19 16:03:13,425 DEBUG [JavaFX Application Thread] o.h.c.HbmBinder [HbmBinder.java:1366] Mapped property: referrals -> REFERRALS
2014-10-19 16:03:13,425 DEBUG [JavaFX Application Thread] o.h.c.HbmBinder [HbmBinder.java:1366] Mapped property: mailingList -> MAILING_LIST
2014-10-19 16:03:13,425 DEBUG [JavaFX Application Thread] o.h.c.HbmBinder [HbmBinder.java:1366] Mapped property: cableString -> CABLE_TEXT
2014-10-19 16:03:13,425 DEBUG [JavaFX Application Thread] o.h.c.Configuration [Configuration.java:3778] Process annotated classes
2014-10-19 16:03:13,426 DEBUG [JavaFX Application Thread] o.h.c.Configuration [Configuration.java:1482] Processing fk mappings (*ToOne and JoinedSubclass)
2014-10-19 16:03:13,426 DEBUG [JavaFX Application Thread] o.h.c.Configuration [Configuration.java:1687] Processing extends queue
2014-10-19 16:03:13,427 DEBUG [JavaFX Application Thread] o.h.c.Configuration [Configuration.java:1745] Processing extends queue
2014-10-19 16:03:13,427 DEBUG [JavaFX Application Thread] o.h.c.Configuration [Configuration.java:1690] Processing collection mappings
2014-10-19 16:03:13,427 DEBUG [JavaFX Application Thread] o.h.c.Configuration [Configuration.java:1700] Processing native query and ResultSetMapping mappings
2014-10-19 16:03:13,427 DEBUG [JavaFX Application Thread] o.h.c.Configuration [Configuration.java:1708] Processing association property references
2014-10-19 16:03:13,427 DEBUG [JavaFX Application Thread] o.h.c.Configuration [Configuration.java:1730] Creating tables' unique integer identifiers
2014-10-19 16:03:13,427 DEBUG [JavaFX Application Thread] o.h.c.Configuration [Configuration.java:1731] Processing foreign key constraints
2014-10-19 16:03:13,429 DEBUG [JavaFX Application Thread] o.h.e.t.j.p.i.JtaPlatformInitiator [JtaPlatformInitiator.java:59] No JtaPlatform was specified, checking resolver
2014-10-19 16:03:13,429 DEBUG [JavaFX Application Thread] o.h.e.t.j.p.i.JtaPlatformResolverInitiator [JtaPlatformResolverInitiator.java:50] No JtaPlatformResolver was specified, using default [org.hibernate.engine.transaction.jta.platform.internal.StandardJtaPlatformResolver]
2014-10-19 16:03:13,431 DEBUG [JavaFX Application Thread] o.h.e.t.j.p.i.StandardJtaPlatformResolver [StandardJtaPlatformResolver.java:118] Could not resolve JtaPlatform, using default [org.hibernate.engine.transaction.jta.platform.internal.NoJtaPlatform]
2014-10-19 16:03:13,433 DEBUG [JavaFX Application Thread] o.h.c.SettingsFactory [SettingsFactory.java:122] Automatic flush during beforeCompletion(): disabled
2014-10-19 16:03:13,434 DEBUG [JavaFX Application Thread] o.h.c.SettingsFactory [SettingsFactory.java:128] Automatic session close at end of transaction: disabled
2014-10-19 16:03:13,434 DEBUG [JavaFX Application Thread] o.h.c.SettingsFactory [SettingsFactory.java:139] JDBC batch size: 1000
2014-10-19 16:03:13,434 DEBUG [JavaFX Application Thread] o.h.c.SettingsFactory [SettingsFactory.java:145] JDBC batch updates for versioned data: disabled
2014-10-19 16:03:13,434 DEBUG [JavaFX Application Thread] o.h.c.SettingsFactory [SettingsFactory.java:155] Scrollable result sets: enabled
2014-10-19 16:03:13,434 DEBUG [JavaFX Application Thread] o.h.c.SettingsFactory [SettingsFactory.java:161] Wrap result sets: disabled
2014-10-19 16:03:13,434 DEBUG [JavaFX Application Thread] o.h.c.SettingsFactory [SettingsFactory.java:167] JDBC3 getGeneratedKeys(): disabled
2014-10-19 16:03:13,434 DEBUG [JavaFX Application Thread] o.h.c.SettingsFactory [SettingsFactory.java:179] multi-tenancy strategy : NONE
2014-10-19 16:03:13,435 DEBUG [JavaFX Application Thread] o.h.c.SettingsFactory [SettingsFactory.java:185] Connection release mode: auto
2014-10-19 16:03:13,435 INFO [JavaFX Application Thread] o.h.e.t.i.TransactionFactoryInitiator [TransactionFactoryInitiator.java:62] HHH000399: Using default transaction strategy (direct JDBC transactions)
2014-10-19 16:03:13,437 DEBUG [JavaFX Application Thread] o.h.c.SettingsFactory [SettingsFactory.java:207] Using BatchFetchStyle : LEGACY
2014-10-19 16:03:13,437 DEBUG [JavaFX Application Thread] o.h.c.SettingsFactory [SettingsFactory.java:232] Default batch fetch size: 1
2014-10-19 16:03:13,437 DEBUG [JavaFX Application Thread] o.h.c.SettingsFactory [SettingsFactory.java:238] Generate SQL with comments: disabled
2014-10-19 16:03:13,437 DEBUG [JavaFX Application Thread] o.h.c.SettingsFactory [SettingsFactory.java:244] Order SQL updates by primary key: disabled
2014-10-19 16:03:13,437 DEBUG [JavaFX Application Thread] o.h.c.SettingsFactory [SettingsFactory.java:250] Order SQL inserts for batching: disabled
2014-10-19 16:03:13,437 DEBUG [JavaFX Application Thread] o.h.c.SettingsFactory [SettingsFactory.java:258] Default null ordering: none
2014-10-19 16:03:13,438 DEBUG [JavaFX Application Thread] o.h.c.SettingsFactory [SettingsFactory.java:501] Query translator: org.hibernate.hql.internal.ast.ASTQueryTranslatorFactory
2014-10-19 16:03:13,439 INFO [JavaFX Application Thread] o.h.h.i.a.ASTQueryTranslatorFactory [ASTQueryTranslatorFactory.java:47] HHH000397: Using ASTQueryTranslatorFactory
2014-10-19 16:03:13,440 DEBUG [JavaFX Application Thread] o.h.c.SettingsFactory [SettingsFactory.java:268] Query language substitutions: {}
2014-10-19 16:03:13,440 DEBUG [JavaFX Application Thread] o.h.c.SettingsFactory [SettingsFactory.java:274] JPA-QL strict compliance: disabled
2014-10-19 16:03:13,440 DEBUG [JavaFX Application Thread] o.h.c.SettingsFactory [SettingsFactory.java:282] Second-level cache: disabled
2014-10-19 16:03:13,440 DEBUG [JavaFX Application Thread] o.h.c.SettingsFactory [SettingsFactory.java:288] Query cache: disabled
2014-10-19 16:03:13,441 DEBUG [JavaFX Application Thread] o.h.c.i.RegionFactoryInitiator [RegionFactoryInitiator.java:105] Cache region factory : org.hibernate.cache.internal.NoCachingRegionFactory
2014-10-19 16:03:13,442 DEBUG [JavaFX Application Thread] o.h.c.SettingsFactory [SettingsFactory.java:301] Optimize cache for minimal puts: disabled
2014-10-19 16:03:13,443 DEBUG [JavaFX Application Thread] o.h.c.SettingsFactory [SettingsFactory.java:316] Structured second-level cache entries: disabled
2014-10-19 16:03:13,443 DEBUG [JavaFX Application Thread] o.h.c.SettingsFactory [SettingsFactory.java:326] Second-level cache direct-reference entries: disabled
2014-10-19 16:03:13,443 DEBUG [JavaFX Application Thread] o.h.c.SettingsFactory [SettingsFactory.java:332] Automatic eviction of collection cache: disabled
2014-10-19 16:03:13,443 DEBUG [JavaFX Application Thread] o.h.c.SettingsFactory [SettingsFactory.java:340] Statistics: disabled
2014-10-19 16:03:13,443 DEBUG [JavaFX Application Thread] o.h.c.SettingsFactory [SettingsFactory.java:346] Deleted entity synthetic identifier rollback: disabled
2014-10-19 16:03:13,444 DEBUG [JavaFX Application Thread] o.h.c.SettingsFactory [SettingsFactory.java:373] Default entity-mode: pojo
2014-10-19 16:03:13,444 DEBUG [JavaFX Application Thread] o.h.c.SettingsFactory [SettingsFactory.java:379] Named query checking : enabled
2014-10-19 16:03:13,444 DEBUG [JavaFX Application Thread] o.h.c.SettingsFactory [SettingsFactory.java:385] Check Nullability in Core (should be disabled when Bean Validation is on): enabled
2014-10-19 16:03:13,444 DEBUG [JavaFX Application Thread] o.h.c.SettingsFactory [SettingsFactory.java:403] Allow initialization of lazy state outside session : : disabled
2014-10-19 16:03:13,444 DEBUG [JavaFX Application Thread] o.h.c.SettingsFactory [SettingsFactory.java:413] JTA Track by Thread: enabled
2014-10-19 16:03:13,451 DEBUG [JavaFX Application Thread] o.h.i.SessionFactoryImpl [SessionFactoryImpl.java:229] Building session factory
2014-10-19 16:03:13,468 DEBUG [JavaFX Application Thread] o.h.i.SessionFactoryImpl [SessionFactoryImpl.java:285] Session factory constructed with filter configurations : {}
2014-10-19 16:03:13,468 DEBUG [JavaFX Application Thread] o.h.i.SessionFactoryImpl [SessionFactoryImpl.java:286] Instantiating session factory with properties: {java.vendor=Oracle Corporation, show_sql=false, sun.java.launcher=SUN_STANDARD, hibernate.search.default.indexBase=D:\Users\Matthew\git\FIT3036\CableGateProgram\CableGateFiles\LuceneIndex, hibernate.connection.url=jdbc:derby:D:\Users\Matthew\git\FIT3036\CableGateProgram\CableGateFiles\DerbyDB;create=true, sun.management.compiler=HotSpot 64-Bit Tiered Compilers, os.name=Windows 7, sun.boot.class.path=C:\Program Files\Java\jdk1.8.0_20\jre\lib\resources.jar;C:\Program Files\Java\jdk1.8.0_20\jre\lib\rt.jar;C:\Program Files\Java\jdk1.8.0_20\jre\lib\sunrsasign.jar;C:\Program Files\Java\jdk1.8.0_20\jre\lib\jsse.jar;C:\Program Files\Java\jdk1.8.0_20\jre\lib\jce.jar;C:\Program Files\Java\jdk1.8.0_20\jre\lib\charsets.jar;C:\Program Files\Java\jdk1.8.0_20\jre\lib\jfr.jar;C:\Program Files\Java\jdk1.8.0_20\jre\classes, sun.desktop=windows, java.vm.specification.vendor=Oracle Corporation, java.runtime.version=1.8.0_20-b26, hibernate.cache.provider_class=org.hibernate.cache.internal.NoCacheProvider, user.name=Matthew, connection.driver_class=org.apache.derby.jdbc.EmbeddedDriver, javafx.runtime.version=8.0.20-b26, user.language=en, sun.boot.library.path=C:\Program Files\Java\jdk1.8.0_20\jre\bin, dialect=org.hibernate.dialect.DerbyTenSevenDialect, java.version=1.8.0_20, user.timezone=Australia/Sydney, sun.arch.data.model=64, java.endorsed.dirs=C:\Program Files\Java\jdk1.8.0_20\jre\lib\endorsed, sun.cpu.isalist=amd64, sun.jnu.encoding=Cp1252, file.encoding.pkg=sun.io, file.separator=\, java.specification.name=Java Platform API Specification, java.class.version=52.0, user.country=AU, java.home=C:\Program Files\Java\jdk1.8.0_20\jre, java.vm.info=mixed mode, os.version=6.1, path.separator=;, java.vm.version=25.20-b23, user.variant=, hibernate.jdbc.batch_size=1000, java.awt.printerjob=sun.awt.windows.WPrinterJob, sun.io.unicode.encoding=UnicodeLittle, awt.toolkit=sun.awt.windows.WToolkit, user.script=, user.home=C:\Users\Matthew, java.specification.vendor=Oracle Corporation, hibernate.hbm2ddl.auto=update, java.library.path=C:\Program Files\Java\jdk1.8.0_20\bin;C:\Windows\Sun\Java\bin;C:\Windows\system32;C:\Windows;C:/Program Files/Java/jre1.8.0_25/bin/server;C:/Program Files/Java/jre1.8.0_25/bin;C:/Program Files/Java/jre1.8.0_25/lib/amd64;C:\Program Files (x86)\NVIDIA Corporation\PhysX\Common;C:\ProgramData\Oracle\Java\javapath;D:\Program Files (x86)\Windows Resource Kits\Tools\;C:\Program Files (x86)\Common Files\Microsoft Shared\Windows Live;C:\Windows\system32;C:\Windows;C:\Windows\System32\Wbem;C:\Windows\System32\WindowsPowerShell\v1.0\;D:\Program Files (x86)\QuickTime\QTSystem\;D:\Program Files\MATLAB\R2013a\runtime\win64;D:\Program Files\MATLAB\R2013a\bin;C:\cygwin64\bin;D:\Program Files\Adobe\Adobe PDF iFilter 9 for 64-bit platforms\bin;C:\Program Files\Java\jdk1.7.0_25\bin;D:\Program Files (x86)\MiKTeX 2.9\miktex\bin\;C:\Program Files\Common Files\Microsoft Shared\Windows Live;D:\Program Files\eclipse Java;;., java.vendor.url=http://java.oracle.com/, hibernate.connection.driver_class=org.apache.derby.jdbc.EmbeddedDriver, java.vm.vendor=Oracle Corporation, hibernate.dialect=org.hibernate.dialect.DerbyTenSevenDialect, java.runtime.name=Java(TM) SE Runtime Environment, sun.java.command=cablegate.Main, java.class.path=D:\Users\Matthew\git\FIT3036\CableGateProgram\target\classes;C:\Users\Matthew\.m2\repository\ch\qos\logback\logback-classic\1.1.2\logback-classic-1.1.2.jar;C:\Users\Matthew\.m2\repository\ch\qos\logback\logback-core\1.1.2\logback-core-1.1.2.jar;C:\Users\Matthew\.m2\repository\org\slf4j\slf4j-api\1.7.7\slf4j-api-1.7.7.jar;C:\Users\Matthew\.m2\repository\net\sf\supercsv\super-csv-dozer\2.2.0\super-csv-dozer-2.2.0.jar;C:\Users\Matthew\.m2\repository\net\sf\dozer\dozer\5.4.0\dozer-5.4.0.jar;C:\Users\Matthew\.m2\repository\commons-beanutils\commons-beanutils\1.8.3\commons-beanutils-1.8.3.jar;C:\Users\Matthew\.m2\repository\org\slf4j\jcl-over-slf4j\1.6.6\jcl-over-slf4j-1.6.6.jar;C:\Users\Matthew\.m2\repository\net\sf\supercsv\super-csv\2.2.0\super-csv-2.2.0.jar;C:\Users\Matthew\.m2\repository\org\apache\derby\derby\10.10.2.0\derby-10.10.2.0.jar;C:\Users\Matthew\.m2\repository\org\javafxdata\datafx-flow\8.0b5\datafx-flow-8.0b5.jar;C:\Users\Matthew\.m2\repository\javax\validation\validation-api\1.1.0.Final\validation-api-1.1.0.Final.jar;C:\Users\Matthew\.m2\repository\org\javassist\javassist\3.18.1-GA\javassist-3.18.1-GA.jar;C:\Users\Matthew\.m2\repository\javax\inject\javax.inject\1\javax.inject-1.jar;C:\Users\Matthew\.m2\repository\org\javafxdata\datafx-core\8.0b5\datafx-core-8.0b5.jar;C:\Users\Matthew\.m2\repository\org\hibernate\hibernate-core\4.3.6.Final\hibernate-core-4.3.6.Final.jar;C:\Users\Matthew\.m2\repository\org\jboss\logging\jboss-logging\3.1.3.GA\jboss-logging-3.1.3.GA.jar;C:\Users\Matthew\.m2\repository\org\jboss\logging\jboss-logging-annotations\1.2.0.Beta1\jboss-logging-annotations-1.2.0.Beta1.jar;C:\Users\Matthew\.m2\repository\org\jboss\spec\javax\transaction\jboss-transaction-api_1.2_spec\1.0.0.Final\jboss-transaction-api_1.2_spec-1.0.0.Final.jar;C:\Users\Matthew\.m2\repository\dom4j\dom4j\1.6.1\dom4j-1.6.1.jar;C:\Users\Matthew\.m2\repository\xml-apis\xml-apis\1.0.b2\xml-apis-1.0.b2.jar;C:\Users\Matthew\.m2\repository\org\hibernate\common\hibernate-commons-annotations\4.0.5.Final\hibernate-commons-annotations-4.0.5.Final.jar;C:\Users\Matthew\.m2\repository\org\hibernate\javax\persistence\hibernate-jpa-2.1-api\1.0.0.Final\hibernate-jpa-2.1-api-1.0.0.Final.jar;C:\Users\Matthew\.m2\repository\antlr\antlr\2.7.7\antlr-2.7.7.jar;C:\Users\Matthew\.m2\repository\org\jboss\jandex\1.1.0.Final\jandex-1.1.0.Final.jar;C:\Users\Matthew\.m2\repository\org\hibernate\hibernate-search\4.5.1.Final\hibernate-search-4.5.1.Final.jar;C:\Users\Matthew\.m2\repository\org\hibernate\hibernate-search-orm\4.5.1.Final\hibernate-search-orm-4.5.1.Final.jar;C:\Users\Matthew\.m2\repository\org\hibernate\hibernate-search-engine\4.5.1.Final\hibernate-search-engine-4.5.1.Final.jar;C:\Users\Matthew\.m2\repository\org\apache\avro\avro\1.7.6\avro-1.7.6.jar;C:\Users\Matthew\.m2\repository\org\codehaus\jackson\jackson-core-asl\1.9.13\jackson-core-asl-1.9.13.jar;C:\Users\Matthew\.m2\repository\org\codehaus\jackson\jackson-mapper-asl\1.9.13\jackson-mapper-asl-1.9.13.jar;C:\Users\Matthew\.m2\repository\com\thoughtworks\paranamer\paranamer\2.3\paranamer-2.3.jar;C:\Users\Matthew\.m2\repository\org\apache\commons\commons-compress\1.4.1\commons-compress-1.4.1.jar;C:\Users\Matthew\.m2\repository\org\apache\lucene\lucene-facet\3.6.2\lucene-facet-3.6.2.jar;C:\Users\Matthew\.m2\repository\org\hibernate\hibernate-search-analyzers\4.5.1.Final\hibernate-search-analyzers-4.5.1.Final.jar;C:\Users\Matthew\.m2\repository\org\apache\lucene\lucene-core\3.6.2\lucene-core-3.6.2.jar;C:\Users\Matthew\.m2\repository\org\apache\lucene\lucene-analyzers\3.6.2\lucene-analyzers-3.6.2.jar;C:\Users\Matthew\.m2\repository\org\apache\solr\solr-analysis-extras\3.6.2\solr-analysis-extras-3.6.2.jar;C:\Users\Matthew\.m2\repository\org\apache\solr\solr-core\3.6.2\solr-core-3.6.2.jar;C:\Users\Matthew\.m2\repository\org\apache\solr\solr-solrj\3.6.2\solr-solrj-3.6.2.jar;C:\Users\Matthew\.m2\repository\org\apache\lucene\lucene-highlighter\3.6.2\lucene-highlighter-3.6.2.jar;C:\Users\Matthew\.m2\repository\org\apache\lucene\lucene-kuromoji\3.6.2\lucene-kuromoji-3.6.2.jar;C:\Users\Matthew\.m2\repository\org\apache\lucene\lucene-memory\3.6.2\lucene-memory-3.6.2.jar;C:\Users\Matthew\.m2\repository\org\apache\lucene\lucene-misc\3.6.2\lucene-misc-3.6.2.jar;C:\Users\Matthew\.m2\repository\org\apache\lucene\lucene-phonetic\3.6.2\lucene-phonetic-3.6.2.jar;C:\Users\Matthew\.m2\repository\org\apache\lucene\lucene-spatial\3.6.2\lucene-spatial-3.6.2.jar;C:\Users\Matthew\.m2\repository\org\apache\lucene\lucene-spellchecker\3.6.2\lucene-spellchecker-3.6.2.jar;C:\Users\Matthew\.m2\repository\org\apache\lucene\lucene-grouping\3.6.2\lucene-grouping-3.6.2.jar;C:\Users\Matthew\.m2\repository\commons-codec\commons-codec\1.6\commons-codec-1.6.jar;C:\Users\Matthew\.m2\repository\commons-io\commons-io\2.1\commons-io-2.1.jar;C:\Users\Matthew\.m2\repository\commons-lang\commons-lang\2.6\commons-lang-2.6.jar;C:\Users\Matthew\.m2\repository\org\apache\lucene\lucene-smartcn\3.6.2\lucene-smartcn-3.6.2.jar;C:\Users\Matthew\.m2\repository\org\apache\lucene\lucene-stempel\3.6.2\lucene-stempel-3.6.2.jar;C:\Users\Matthew\.m2\repository\org\apache\commons\commons-lang3\3.3.2\commons-lang3-3.3.2.jar;C:\Users\Matthew\.m2\repository\com\lynden\GMapsFX\1.1.1\GMapsFX-1.1.1.jar, hibernate.search.lucene_version=LUCENE_36, hibernate.bytecode.use_reflection_optimizer=false, java.vm.specification.name=Java Virtual Machine Specification, java.vm.specification.version=1.8, sun.cpu.endian=little, sun.os.patch.level=Service Pack 1, java.io.tmpdir=C:\Users\Matthew\AppData\Local\Temp\, java.vendor.url.bug=http://bugreport.sun.com/bugreport/, os.arch=amd64, java.awt.graphicsenv=sun.awt.Win32GraphicsEnvironment, java.ext.dirs=C:\Program Files\Java\jdk1.8.0_20\jre\lib\ext;C:\Windows\Sun\Java\lib\ext, hibernate.search.default.directory_provider=filesystem, user.dir=D:\Users\Matthew\git\FIT3036\CableGateProgram, line.separator=
, java.vm.name=Java HotSpot(TM) 64-Bit Server VM, hibernate.cache.use_second_level_cache=false, cache.provider_class=org.hibernate.cache.internal.NoCacheProvider, javafx.version=8.0.20, file.encoding=Cp1252, java.specification.version=1.8, hibernate.connection.pool_size=1, hibernate.show_sql=false}
2014-10-19 16:03:13,481 DEBUG [JavaFX Application Thread] o.h.c.b.TypeSafeActivator [TypeSafeActivator.java:107] Unable to acquire Bean Validation ValidatorFactory, skipping activation
2014-10-19 16:03:13,481 DEBUG [JavaFX Application Thread] o.h.s.s.JaccIntegrator [JaccIntegrator.java:90] Skipping JACC integration as it was not enabled
2014-10-19 16:03:13,517 INFO [JavaFX Application Thread] o.h.s.Version [Version.java:43] HSEARCH000034: Hibernate Search 4.5.1.Final
2014-10-19 16:03:13,518 DEBUG [JavaFX Application Thread] o.h.i.f.i.DefaultIdentifierGeneratorFactory [DefaultIdentifierGeneratorFactory.java:107] Setting dialect [org.hibernate.dialect.DerbyTenSevenDialect]
2014-10-19 16:03:13,602 DEBUG [JavaFX Application Thread] o.h.p.e.AbstractEntityPersister [AbstractEntityPersister.java:3676] Static SQL for entity: cablegate.models.Cable
2014-10-19 16:03:13,602 DEBUG [JavaFX Application Thread] o.h.p.e.AbstractEntityPersister [AbstractEntityPersister.java:3681]  Version select: select CABLE_ID from CABLES where CABLE_ID =?
2014-10-19 16:03:13,602 DEBUG [JavaFX Application Thread] o.h.p.e.AbstractEntityPersister [AbstractEntityPersister.java:3684]  Snapshot select: select cable_.CABLE_ID, cable_.DATE_TIME as DATE_TIM2_0_, cable_.CABLE_NUMBER as CABLE_NU3_0_, cable_.SENDER as SENDER4_0_, cable_.CLASSIFICATION as CLASSIFI5_0_, cable_.REFERRALS as REFERRAL6_0_, cable_.MAILING_LIST as MAILING_7_0_, cable_.CABLE_TEXT as CABLE_TE8_0_ from CABLES cable_ where cable_.CABLE_ID=?
2014-10-19 16:03:13,602 DEBUG [JavaFX Application Thread] o.h.p.e.AbstractEntityPersister [AbstractEntityPersister.java:3687]  Insert 0: insert into CABLES (DATE_TIME, CABLE_NUMBER, SENDER, CLASSIFICATION, REFERRALS, MAILING_LIST, CABLE_TEXT, CABLE_ID) values (?, ?, ?, ?, ?, ?, ?, ?)
2014-10-19 16:03:13,602 DEBUG [JavaFX Application Thread] o.h.p.e.AbstractEntityPersister [AbstractEntityPersister.java:3688]  Update 0: update CABLES set DATE_TIME=?, CABLE_NUMBER=?, SENDER=?, CLASSIFICATION=?, REFERRALS=?, MAILING_LIST=?, CABLE_TEXT=? where CABLE_ID=?
2014-10-19 16:03:13,602 DEBUG [JavaFX Application Thread] o.h.p.e.AbstractEntityPersister [AbstractEntityPersister.java:3689]  Delete 0: delete from CABLES where CABLE_ID=?
2014-10-19 16:03:13,619 DEBUG [JavaFX Application Thread] o.h.l.p.b.i.s.QuerySpacesImpl [QuerySpacesImpl.java:192] Adding QuerySpace : uid = <gen:0> -> org.hibernate.loader.plan.build.internal.spaces.EntityQuerySpaceImpl@3a79cc1d]
2014-10-19 16:03:13,620 DEBUG [JavaFX Application Thread] o.h.p.w.s.MetamodelGraphWalker [MetamodelGraphWalker.java:154] Visiting attribute path : dateTime
2014-10-19 16:03:13,620 DEBUG [JavaFX Application Thread] o.h.p.w.s.MetamodelGraphWalker [MetamodelGraphWalker.java:154] Visiting attribute path : cableNumber
2014-10-19 16:03:13,620 DEBUG [JavaFX Application Thread] o.h.p.w.s.MetamodelGraphWalker [MetamodelGraphWalker.java:154] Visiting attribute path : sender
2014-10-19 16:03:13,620 DEBUG [JavaFX Application Thread] o.h.p.w.s.MetamodelGraphWalker [MetamodelGraphWalker.java:154] Visiting attribute path : classification
2014-10-19 16:03:13,620 DEBUG [JavaFX Application Thread] o.h.p.w.s.MetamodelGraphWalker [MetamodelGraphWalker.java:154] Visiting attribute path : referrals
2014-10-19 16:03:13,620 DEBUG [JavaFX Application Thread] o.h.p.w.s.MetamodelGraphWalker [MetamodelGraphWalker.java:154] Visiting attribute path : mailingList
2014-10-19 16:03:13,620 DEBUG [JavaFX Application Thread] o.h.p.w.s.MetamodelGraphWalker [MetamodelGraphWalker.java:154] Visiting attribute path : cableString
2014-10-19 16:03:13,621 DEBUG [JavaFX Application Thread] o.h.l.p.b.i.FetchStyleLoadPlanBuildingAssociationVisitationStrategy [FetchStyleLoadPlanBuildingAssociationVisitationStrategy.java:94] Building LoadPlan...
2014-10-19 16:03:13,631 DEBUG [JavaFX Application Thread] o.h.l.p.e.i.LoadQueryJoinAndFetchProcessor [LoadQueryJoinAndFetchProcessor.java:111] processing queryspace <gen:0>
2014-10-19 16:03:13,634 DEBUG [JavaFX Application Thread] o.h.l.p.b.s.LoadPlanTreePrinter [LoadPlanTreePrinter.java:72] LoadPlan(entity=cablegate.models.Cable)
    - Returns
       - EntityReturnImpl(entity=cablegate.models.Cable, querySpaceUid=<gen:0>, path=cablegate.models.Cable)
    - QuerySpaces
       - EntityQuerySpaceImpl(uid=<gen:0>, entity=cablegate.models.Cable)
          - SQL table alias mapping - cable0_
          - alias suffix - 0_
          - suffixed key columns - {CABLE_ID1_0_0_}

2014-10-19 16:03:13,636 DEBUG [JavaFX Application Thread] o.h.l.e.p.EntityLoader [EntityLoader.java:146] Static select for entity cablegate.models.Cable [NONE]: select cable0_.CABLE_ID as CABLE_ID1_0_0_, cable0_.DATE_TIME as DATE_TIM2_0_0_, cable0_.CABLE_NUMBER as CABLE_NU3_0_0_, cable0_.SENDER as SENDER4_0_0_, cable0_.CLASSIFICATION as CLASSIFI5_0_0_, cable0_.REFERRALS as REFERRAL6_0_0_, cable0_.MAILING_LIST as MAILING_7_0_0_, cable0_.CABLE_TEXT as CABLE_TE8_0_0_ from CABLES cable0_ where cable0_.CABLE_ID=?
2014-10-19 16:03:13,636 DEBUG [JavaFX Application Thread] o.h.l.p.b.i.s.QuerySpacesImpl [QuerySpacesImpl.java:192] Adding QuerySpace : uid = <gen:0> -> org.hibernate.loader.plan.build.internal.spaces.EntityQuerySpaceImpl@4f84c7e6]
2014-10-19 16:03:13,636 DEBUG [JavaFX Application Thread] o.h.p.w.s.MetamodelGraphWalker [MetamodelGraphWalker.java:154] Visiting attribute path : dateTime
2014-10-19 16:03:13,636 DEBUG [JavaFX Application Thread] o.h.p.w.s.MetamodelGraphWalker [MetamodelGraphWalker.java:154] Visiting attribute path : cableNumber
2014-10-19 16:03:13,636 DEBUG [JavaFX Application Thread] o.h.p.w.s.MetamodelGraphWalker [MetamodelGraphWalker.java:154] Visiting attribute path : sender
2014-10-19 16:03:13,636 DEBUG [JavaFX Application Thread] o.h.p.w.s.MetamodelGraphWalker [MetamodelGraphWalker.java:154] Visiting attribute path : classification
2014-10-19 16:03:13,637 DEBUG [JavaFX Application Thread] o.h.p.w.s.MetamodelGraphWalker [MetamodelGraphWalker.java:154] Visiting attribute path : referrals
2014-10-19 16:03:13,637 DEBUG [JavaFX Application Thread] o.h.p.w.s.MetamodelGraphWalker [MetamodelGraphWalker.java:154] Visiting attribute path : mailingList
2014-10-19 16:03:13,637 DEBUG [JavaFX Application Thread] o.h.p.w.s.MetamodelGraphWalker [MetamodelGraphWalker.java:154] Visiting attribute path : cableString
2014-10-19 16:03:13,637 DEBUG [JavaFX Application Thread] o.h.l.p.b.i.FetchStyleLoadPlanBuildingAssociationVisitationStrategy [FetchStyleLoadPlanBuildingAssociationVisitationStrategy.java:94] Building LoadPlan...
2014-10-19 16:03:13,637 DEBUG [JavaFX Application Thread] o.h.l.p.e.i.LoadQueryJoinAndFetchProcessor [LoadQueryJoinAndFetchProcessor.java:111] processing queryspace <gen:0>
2014-10-19 16:03:13,637 DEBUG [JavaFX Application Thread] o.h.l.p.b.s.LoadPlanTreePrinter [LoadPlanTreePrinter.java:72] LoadPlan(entity=cablegate.models.Cable)
    - Returns
       - EntityReturnImpl(entity=cablegate.models.Cable, querySpaceUid=<gen:0>, path=cablegate.models.Cable)
    - QuerySpaces
       - EntityQuerySpaceImpl(uid=<gen:0>, entity=cablegate.models.Cable)
          - SQL table alias mapping - cable0_
          - alias suffix - 0_
          - suffixed key columns - {CABLE_ID1_0_0_}

2014-10-19 16:03:13,638 DEBUG [JavaFX Application Thread] o.h.l.e.p.EntityLoader [EntityLoader.java:146] Static select for entity cablegate.models.Cable [READ]: select cable0_.CABLE_ID as CABLE_ID1_0_0_, cable0_.DATE_TIME as DATE_TIM2_0_0_, cable0_.CABLE_NUMBER as CABLE_NU3_0_0_, cable0_.SENDER as SENDER4_0_0_, cable0_.CLASSIFICATION as CLASSIFI5_0_0_, cable0_.REFERRALS as REFERRAL6_0_0_, cable0_.MAILING_LIST as MAILING_7_0_0_, cable0_.CABLE_TEXT as CABLE_TE8_0_0_ from CABLES cable0_ where cable0_.CABLE_ID=?
2014-10-19 16:03:13,638 DEBUG [JavaFX Application Thread] o.h.l.p.b.i.s.QuerySpacesImpl [QuerySpacesImpl.java:192] Adding QuerySpace : uid = <gen:0> -> org.hibernate.loader.plan.build.internal.spaces.EntityQuerySpaceImpl@7923141b]
2014-10-19 16:03:13,638 DEBUG [JavaFX Application Thread] o.h.p.w.s.MetamodelGraphWalker [MetamodelGraphWalker.java:154] Visiting attribute path : dateTime
2014-10-19 16:03:13,638 DEBUG [JavaFX Application Thread] o.h.p.w.s.MetamodelGraphWalker [MetamodelGraphWalker.java:154] Visiting attribute path : cableNumber
2014-10-19 16:03:13,638 DEBUG [JavaFX Application Thread] o.h.p.w.s.MetamodelGraphWalker [MetamodelGraphWalker.java:154] Visiting attribute path : sender
2014-10-19 16:03:13,638 DEBUG [JavaFX Application Thread] o.h.p.w.s.MetamodelGraphWalker [MetamodelGraphWalker.java:154] Visiting attribute path : classification
2014-10-19 16:03:13,639 DEBUG [JavaFX Application Thread] o.h.p.w.s.MetamodelGraphWalker [MetamodelGraphWalker.java:154] Visiting attribute path : referrals
2014-10-19 16:03:13,639 DEBUG [JavaFX Application Thread] o.h.p.w.s.MetamodelGraphWalker [MetamodelGraphWalker.java:154] Visiting attribute path : mailingList
2014-10-19 16:03:13,639 DEBUG [JavaFX Application Thread] o.h.p.w.s.MetamodelGraphWalker [MetamodelGraphWalker.java:154] Visiting attribute path : cableString
2014-10-19 16:03:13,639 DEBUG [JavaFX Application Thread] o.h.l.p.b.i.FetchStyleLoadPlanBuildingAssociationVisitationStrategy [FetchStyleLoadPlanBuildingAssociationVisitationStrategy.java:94] Building LoadPlan...
2014-10-19 16:03:13,639 DEBUG [JavaFX Application Thread] o.h.l.p.e.i.LoadQueryJoinAndFetchProcessor [LoadQueryJoinAndFetchProcessor.java:111] processing queryspace <gen:0>
2014-10-19 16:03:13,639 DEBUG [JavaFX Application Thread] o.h.l.p.b.s.LoadPlanTreePrinter [LoadPlanTreePrinter.java:72] LoadPlan(entity=cablegate.models.Cable)
    - Returns
       - EntityReturnImpl(entity=cablegate.models.Cable, querySpaceUid=<gen:0>, path=cablegate.models.Cable)
    - QuerySpaces
       - EntityQuerySpaceImpl(uid=<gen:0>, entity=cablegate.models.Cable)
          - SQL table alias mapping - cable0_
          - alias suffix - 0_
          - suffixed key columns - {CABLE_ID1_0_0_}

2014-10-19 16:03:13,640 DEBUG [JavaFX Application Thread] o.h.l.e.p.EntityLoader [EntityLoader.java:146] Static select for entity cablegate.models.Cable [UPGRADE]: select cable0_.CABLE_ID as CABLE_ID1_0_0_, cable0_.DATE_TIME as DATE_TIM2_0_0_, cable0_.CABLE_NUMBER as CABLE_NU3_0_0_, cable0_.SENDER as SENDER4_0_0_, cable0_.CLASSIFICATION as CLASSIFI5_0_0_, cable0_.REFERRALS as REFERRAL6_0_0_, cable0_.MAILING_LIST as MAILING_7_0_0_, cable0_.CABLE_TEXT as CABLE_TE8_0_0_ from CABLES cable0_ where cable0_.CABLE_ID=? for update with rs
2014-10-19 16:03:13,640 DEBUG [JavaFX Application Thread] o.h.l.p.b.i.s.QuerySpacesImpl [QuerySpacesImpl.java:192] Adding QuerySpace : uid = <gen:0> -> org.hibernate.loader.plan.build.internal.spaces.EntityQuerySpaceImpl@6ab4f661]
2014-10-19 16:03:13,640 DEBUG [JavaFX Application Thread] o.h.p.w.s.MetamodelGraphWalker [MetamodelGraphWalker.java:154] Visiting attribute path : dateTime
2014-10-19 16:03:13,640 DEBUG [JavaFX Application Thread] o.h.p.w.s.MetamodelGraphWalker [MetamodelGraphWalker.java:154] Visiting attribute path : cableNumber
2014-10-19 16:03:13,640 DEBUG [JavaFX Application Thread] o.h.p.w.s.MetamodelGraphWalker [MetamodelGraphWalker.java:154] Visiting attribute path : sender
2014-10-19 16:03:13,640 DEBUG [JavaFX Application Thread] o.h.p.w.s.MetamodelGraphWalker [MetamodelGraphWalker.java:154] Visiting attribute path : classification
2014-10-19 16:03:13,640 DEBUG [JavaFX Application Thread] o.h.p.w.s.MetamodelGraphWalker [MetamodelGraphWalker.java:154] Visiting attribute path : referrals
2014-10-19 16:03:13,640 DEBUG [JavaFX Application Thread] o.h.p.w.s.MetamodelGraphWalker [MetamodelGraphWalker.java:154] Visiting attribute path : mailingList
2014-10-19 16:03:13,641 DEBUG [JavaFX Application Thread] o.h.p.w.s.MetamodelGraphWalker [MetamodelGraphWalker.java:154] Visiting attribute path : cableString
2014-10-19 16:03:13,641 DEBUG [JavaFX Application Thread] o.h.l.p.b.i.FetchStyleLoadPlanBuildingAssociationVisitationStrategy [FetchStyleLoadPlanBuildingAssociationVisitationStrategy.java:94] Building LoadPlan...
2014-10-19 16:03:13,641 DEBUG [JavaFX Application Thread] o.h.l.p.e.i.LoadQueryJoinAndFetchProcessor [LoadQueryJoinAndFetchProcessor.java:111] processing queryspace <gen:0>
2014-10-19 16:03:13,641 DEBUG [JavaFX Application Thread] o.h.l.p.b.s.LoadPlanTreePrinter [LoadPlanTreePrinter.java:72] LoadPlan(entity=cablegate.models.Cable)
    - Returns
       - EntityReturnImpl(entity=cablegate.models.Cable, querySpaceUid=<gen:0>, path=cablegate.models.Cable)
    - QuerySpaces
       - EntityQuerySpaceImpl(uid=<gen:0>, entity=cablegate.models.Cable)
          - SQL table alias mapping - cable0_
          - alias suffix - 0_
          - suffixed key columns - {CABLE_ID1_0_0_}

2014-10-19 16:03:13,641 DEBUG [JavaFX Application Thread] o.h.l.e.p.EntityLoader [EntityLoader.java:146] Static select for entity cablegate.models.Cable [UPGRADE_NOWAIT]: select cable0_.CABLE_ID as CABLE_ID1_0_0_, cable0_.DATE_TIME as DATE_TIM2_0_0_, cable0_.CABLE_NUMBER as CABLE_NU3_0_0_, cable0_.SENDER as SENDER4_0_0_, cable0_.CLASSIFICATION as CLASSIFI5_0_0_, cable0_.REFERRALS as REFERRAL6_0_0_, cable0_.MAILING_LIST as MAILING_7_0_0_, cable0_.CABLE_TEXT as CABLE_TE8_0_0_ from CABLES cable0_ where cable0_.CABLE_ID=? for update with rs
2014-10-19 16:03:13,641 DEBUG [JavaFX Application Thread] o.h.l.p.b.i.s.QuerySpacesImpl [QuerySpacesImpl.java:192] Adding QuerySpace : uid = <gen:0> -> org.hibernate.loader.plan.build.internal.spaces.EntityQuerySpaceImpl@7c857921]
2014-10-19 16:03:13,642 DEBUG [JavaFX Application Thread] o.h.p.w.s.MetamodelGraphWalker [MetamodelGraphWalker.java:154] Visiting attribute path : dateTime
2014-10-19 16:03:13,642 DEBUG [JavaFX Application Thread] o.h.p.w.s.MetamodelGraphWalker [MetamodelGraphWalker.java:154] Visiting attribute path : cableNumber
2014-10-19 16:03:13,642 DEBUG [JavaFX Application Thread] o.h.p.w.s.MetamodelGraphWalker [MetamodelGraphWalker.java:154] Visiting attribute path : sender
2014-10-19 16:03:13,642 DEBUG [JavaFX Application Thread] o.h.p.w.s.MetamodelGraphWalker [MetamodelGraphWalker.java:154] Visiting attribute path : classification
2014-10-19 16:03:13,642 DEBUG [JavaFX Application Thread] o.h.p.w.s.MetamodelGraphWalker [MetamodelGraphWalker.java:154] Visiting attribute path : referrals
2014-10-19 16:03:13,642 DEBUG [JavaFX Application Thread] o.h.p.w.s.MetamodelGraphWalker [MetamodelGraphWalker.java:154] Visiting attribute path : mailingList
2014-10-19 16:03:13,642 DEBUG [JavaFX Application Thread] o.h.p.w.s.MetamodelGraphWalker [MetamodelGraphWalker.java:154] Visiting attribute path : cableString
2014-10-19 16:03:13,642 DEBUG [JavaFX Application Thread] o.h.l.p.b.i.FetchStyleLoadPlanBuildingAssociationVisitationStrategy [FetchStyleLoadPlanBuildingAssociationVisitationStrategy.java:94] Building LoadPlan...
2014-10-19 16:03:13,643 DEBUG [JavaFX Application Thread] o.h.l.p.e.i.LoadQueryJoinAndFetchProcessor [LoadQueryJoinAndFetchProcessor.java:111] processing queryspace <gen:0>
2014-10-19 16:03:13,643 DEBUG [JavaFX Application Thread] o.h.l.p.b.s.LoadPlanTreePrinter [LoadPlanTreePrinter.java:72] LoadPlan(entity=cablegate.models.Cable)
    - Returns
       - EntityReturnImpl(entity=cablegate.models.Cable, querySpaceUid=<gen:0>, path=cablegate.models.Cable)
    - QuerySpaces
       - EntityQuerySpaceImpl(uid=<gen:0>, entity=cablegate.models.Cable)
          - SQL table alias mapping - cable0_
          - alias suffix - 0_
          - suffixed key columns - {CABLE_ID1_0_0_}

2014-10-19 16:03:13,643 DEBUG [JavaFX Application Thread] o.h.l.e.p.EntityLoader [EntityLoader.java:146] Static select for entity cablegate.models.Cable [UPGRADE_SKIPLOCKED]: select cable0_.CABLE_ID as CABLE_ID1_0_0_, cable0_.DATE_TIME as DATE_TIM2_0_0_, cable0_.CABLE_NUMBER as CABLE_NU3_0_0_, cable0_.SENDER as SENDER4_0_0_, cable0_.CLASSIFICATION as CLASSIFI5_0_0_, cable0_.REFERRALS as REFERRAL6_0_0_, cable0_.MAILING_LIST as MAILING_7_0_0_, cable0_.CABLE_TEXT as CABLE_TE8_0_0_ from CABLES cable0_ where cable0_.CABLE_ID=? for update with rs
2014-10-19 16:03:13,643 DEBUG [JavaFX Application Thread] o.h.l.p.b.i.s.QuerySpacesImpl [QuerySpacesImpl.java:192] Adding QuerySpace : uid = <gen:0> -> org.hibernate.loader.plan.build.internal.spaces.EntityQuerySpaceImpl@7cf6aa8]
2014-10-19 16:03:13,643 DEBUG [JavaFX Application Thread] o.h.p.w.s.MetamodelGraphWalker [MetamodelGraphWalker.java:154] Visiting attribute path : dateTime
2014-10-19 16:03:13,643 DEBUG [JavaFX Application Thread] o.h.p.w.s.MetamodelGraphWalker [MetamodelGraphWalker.java:154] Visiting attribute path : cableNumber
2014-10-19 16:03:13,644 DEBUG [JavaFX Application Thread] o.h.p.w.s.MetamodelGraphWalker [MetamodelGraphWalker.java:154] Visiting attribute path : sender
2014-10-19 16:03:13,644 DEBUG [JavaFX Application Thread] o.h.p.w.s.MetamodelGraphWalker [MetamodelGraphWalker.java:154] Visiting attribute path : classification
2014-10-19 16:03:13,644 DEBUG [JavaFX Application Thread] o.h.p.w.s.MetamodelGraphWalker [MetamodelGraphWalker.java:154] Visiting attribute path : referrals
2014-10-19 16:03:13,644 DEBUG [JavaFX Application Thread] o.h.p.w.s.MetamodelGraphWalker [MetamodelGraphWalker.java:154] Visiting attribute path : mailingList
2014-10-19 16:03:13,644 DEBUG [JavaFX Application Thread] o.h.p.w.s.MetamodelGraphWalker [MetamodelGraphWalker.java:154] Visiting attribute path : cableString
2014-10-19 16:03:13,644 DEBUG [JavaFX Application Thread] o.h.l.p.b.i.FetchStyleLoadPlanBuildingAssociationVisitationStrategy [FetchStyleLoadPlanBuildingAssociationVisitationStrategy.java:94] Building LoadPlan...
2014-10-19 16:03:13,644 DEBUG [JavaFX Application Thread] o.h.l.p.e.i.LoadQueryJoinAndFetchProcessor [LoadQueryJoinAndFetchProcessor.java:111] processing queryspace <gen:0>
2014-10-19 16:03:13,645 DEBUG [JavaFX Application Thread] o.h.l.p.b.s.LoadPlanTreePrinter [LoadPlanTreePrinter.java:72] LoadPlan(entity=cablegate.models.Cable)
    - Returns
       - EntityReturnImpl(entity=cablegate.models.Cable, querySpaceUid=<gen:0>, path=cablegate.models.Cable)
    - QuerySpaces
       - EntityQuerySpaceImpl(uid=<gen:0>, entity=cablegate.models.Cable)
          - SQL table alias mapping - cable0_
          - alias suffix - 0_
          - suffixed key columns - {CABLE_ID1_0_0_}

2014-10-19 16:03:13,645 DEBUG [JavaFX Application Thread] o.h.l.e.p.EntityLoader [EntityLoader.java:146] Static select for entity cablegate.models.Cable [FORCE]: select cable0_.CABLE_ID as CABLE_ID1_0_0_, cable0_.DATE_TIME as DATE_TIM2_0_0_, cable0_.CABLE_NUMBER as CABLE_NU3_0_0_, cable0_.SENDER as SENDER4_0_0_, cable0_.CLASSIFICATION as CLASSIFI5_0_0_, cable0_.REFERRALS as REFERRAL6_0_0_, cable0_.MAILING_LIST as MAILING_7_0_0_, cable0_.CABLE_TEXT as CABLE_TE8_0_0_ from CABLES cable0_ where cable0_.CABLE_ID=? for update with rs
2014-10-19 16:03:13,645 DEBUG [JavaFX Application Thread] o.h.l.p.b.i.s.QuerySpacesImpl [QuerySpacesImpl.java:192] Adding QuerySpace : uid = <gen:0> -> org.hibernate.loader.plan.build.internal.spaces.EntityQuerySpaceImpl@743d7bda]
2014-10-19 16:03:13,645 DEBUG [JavaFX Application Thread] o.h.p.w.s.MetamodelGraphWalker [MetamodelGraphWalker.java:154] Visiting attribute path : dateTime
2014-10-19 16:03:13,645 DEBUG [JavaFX Application Thread] o.h.p.w.s.MetamodelGraphWalker [MetamodelGraphWalker.java:154] Visiting attribute path : cableNumber
2014-10-19 16:03:13,645 DEBUG [JavaFX Application Thread] o.h.p.w.s.MetamodelGraphWalker [MetamodelGraphWalker.java:154] Visiting attribute path : sender
2014-10-19 16:03:13,645 DEBUG [JavaFX Application Thread] o.h.p.w.s.MetamodelGraphWalker [MetamodelGraphWalker.java:154] Visiting attribute path : classification
2014-10-19 16:03:13,645 DEBUG [JavaFX Application Thread] o.h.p.w.s.MetamodelGraphWalker [MetamodelGraphWalker.java:154] Visiting attribute path : referrals
2014-10-19 16:03:13,646 DEBUG [JavaFX Application Thread] o.h.p.w.s.MetamodelGraphWalker [MetamodelGraphWalker.java:154] Visiting attribute path : mailingList
2014-10-19 16:03:13,646 DEBUG [JavaFX Application Thread] o.h.p.w.s.MetamodelGraphWalker [MetamodelGraphWalker.java:154] Visiting attribute path : cableString
2014-10-19 16:03:13,646 DEBUG [JavaFX Application Thread] o.h.l.p.b.i.FetchStyleLoadPlanBuildingAssociationVisitationStrategy [FetchStyleLoadPlanBuildingAssociationVisitationStrategy.java:94] Building LoadPlan...
2014-10-19 16:03:13,646 DEBUG [JavaFX Application Thread] o.h.l.p.e.i.LoadQueryJoinAndFetchProcessor [LoadQueryJoinAndFetchProcessor.java:111] processing queryspace <gen:0>
2014-10-19 16:03:13,646 DEBUG [JavaFX Application Thread] o.h.l.p.b.s.LoadPlanTreePrinter [LoadPlanTreePrinter.java:72] LoadPlan(entity=cablegate.models.Cable)
    - Returns
       - EntityReturnImpl(entity=cablegate.models.Cable, querySpaceUid=<gen:0>, path=cablegate.models.Cable)
    - QuerySpaces
       - EntityQuerySpaceImpl(uid=<gen:0>, entity=cablegate.models.Cable)
          - SQL table alias mapping - cable0_
          - alias suffix - 0_
          - suffixed key columns - {CABLE_ID1_0_0_}

2014-10-19 16:03:13,646 DEBUG [JavaFX Application Thread] o.h.l.e.p.EntityLoader [EntityLoader.java:146] Static select for entity cablegate.models.Cable [PESSIMISTIC_READ]: select cable0_.CABLE_ID as CABLE_ID1_0_0_, cable0_.DATE_TIME as DATE_TIM2_0_0_, cable0_.CABLE_NUMBER as CABLE_NU3_0_0_, cable0_.SENDER as SENDER4_0_0_, cable0_.CLASSIFICATION as CLASSIFI5_0_0_, cable0_.REFERRALS as REFERRAL6_0_0_, cable0_.MAILING_LIST as MAILING_7_0_0_, cable0_.CABLE_TEXT as CABLE_TE8_0_0_ from CABLES cable0_ where cable0_.CABLE_ID=? for read only with rs
2014-10-19 16:03:13,647 DEBUG [JavaFX Application Thread] o.h.l.p.b.i.s.QuerySpacesImpl [QuerySpacesImpl.java:192] Adding QuerySpace : uid = <gen:0> -> org.hibernate.loader.plan.build.internal.spaces.EntityQuerySpaceImpl@6eeb335b]
2014-10-19 16:03:13,647 DEBUG [JavaFX Application Thread] o.h.p.w.s.MetamodelGraphWalker [MetamodelGraphWalker.java:154] Visiting attribute path : dateTime
2014-10-19 16:03:13,647 DEBUG [JavaFX Application Thread] o.h.p.w.s.MetamodelGraphWalker [MetamodelGraphWalker.java:154] Visiting attribute path : cableNumber
2014-10-19 16:03:13,647 DEBUG [JavaFX Application Thread] o.h.p.w.s.MetamodelGraphWalker [MetamodelGraphWalker.java:154] Visiting attribute path : sender
2014-10-19 16:03:13,647 DEBUG [JavaFX Application Thread] o.h.p.w.s.MetamodelGraphWalker [MetamodelGraphWalker.java:154] Visiting attribute path : classification
2014-10-19 16:03:13,647 DEBUG [JavaFX Application Thread] o.h.p.w.s.MetamodelGraphWalker [MetamodelGraphWalker.java:154] Visiting attribute path : referrals
2014-10-19 16:03:13,647 DEBUG [JavaFX Application Thread] o.h.p.w.s.MetamodelGraphWalker [MetamodelGraphWalker.java:154] Visiting attribute path : mailingList
2014-10-19 16:03:13,647 DEBUG [JavaFX Application Thread] o.h.p.w.s.MetamodelGraphWalker [MetamodelGraphWalker.java:154] Visiting attribute path : cableString
2014-10-19 16:03:13,648 DEBUG [JavaFX Application Thread] o.h.l.p.b.i.FetchStyleLoadPlanBuildingAssociationVisitationStrategy [FetchStyleLoadPlanBuildingAssociationVisitationStrategy.java:94] Building LoadPlan...
2014-10-19 16:03:13,648 DEBUG [JavaFX Application Thread] o.h.l.p.e.i.LoadQueryJoinAndFetchProcessor [LoadQueryJoinAndFetchProcessor.java:111] processing queryspace <gen:0>
2014-10-19 16:03:13,648 DEBUG [JavaFX Application Thread] o.h.l.p.b.s.LoadPlanTreePrinter [LoadPlanTreePrinter.java:72] LoadPlan(entity=cablegate.models.Cable)
    - Returns
       - EntityReturnImpl(entity=cablegate.models.Cable, querySpaceUid=<gen:0>, path=cablegate.models.Cable)
    - QuerySpaces
       - EntityQuerySpaceImpl(uid=<gen:0>, entity=cablegate.models.Cable)
          - SQL table alias mapping - cable0_
          - alias suffix - 0_
          - suffixed key columns - {CABLE_ID1_0_0_}

2014-10-19 16:03:13,648 DEBUG [JavaFX Application Thread] o.h.l.e.p.EntityLoader [EntityLoader.java:146] Static select for entity cablegate.models.Cable [PESSIMISTIC_WRITE]: select cable0_.CABLE_ID as CABLE_ID1_0_0_, cable0_.DATE_TIME as DATE_TIM2_0_0_, cable0_.CABLE_NUMBER as CABLE_NU3_0_0_, cable0_.SENDER as SENDER4_0_0_, cable0_.CLASSIFICATION as CLASSIFI5_0_0_, cable0_.REFERRALS as REFERRAL6_0_0_, cable0_.MAILING_LIST as MAILING_7_0_0_, cable0_.CABLE_TEXT as CABLE_TE8_0_0_ from CABLES cable0_ where cable0_.CABLE_ID=? for update with rs
2014-10-19 16:03:13,648 DEBUG [JavaFX Application Thread] o.h.l.p.b.i.s.QuerySpacesImpl [QuerySpacesImpl.java:192] Adding QuerySpace : uid = <gen:0> -> org.hibernate.loader.plan.build.internal.spaces.EntityQuerySpaceImpl@60b77ad2]
2014-10-19 16:03:13,648 DEBUG [JavaFX Application Thread] o.h.p.w.s.MetamodelGraphWalker [MetamodelGraphWalker.java:154] Visiting attribute path : dateTime
2014-10-19 16:03:13,649 DEBUG [JavaFX Application Thread] o.h.p.w.s.MetamodelGraphWalker [MetamodelGraphWalker.java:154] Visiting attribute path : cableNumber
2014-10-19 16:03:13,649 DEBUG [JavaFX Application Thread] o.h.p.w.s.MetamodelGraphWalker [MetamodelGraphWalker.java:154] Visiting attribute path : sender
2014-10-19 16:03:13,649 DEBUG [JavaFX Application Thread] o.h.p.w.s.MetamodelGraphWalker [MetamodelGraphWalker.java:154] Visiting attribute path : classification
2014-10-19 16:03:13,649 DEBUG [JavaFX Application Thread] o.h.p.w.s.MetamodelGraphWalker [MetamodelGraphWalker.java:154] Visiting attribute path : referrals
2014-10-19 16:03:13,649 DEBUG [JavaFX Application Thread] o.h.p.w.s.MetamodelGraphWalker [MetamodelGraphWalker.java:154] Visiting attribute path : mailingList
2014-10-19 16:03:13,649 DEBUG [JavaFX Application Thread] o.h.p.w.s.MetamodelGraphWalker [MetamodelGraphWalker.java:154] Visiting attribute path : cableString
2014-10-19 16:03:13,649 DEBUG [JavaFX Application Thread] o.h.l.p.b.i.FetchStyleLoadPlanBuildingAssociationVisitationStrategy [FetchStyleLoadPlanBuildingAssociationVisitationStrategy.java:94] Building LoadPlan...
2014-10-19 16:03:13,649 DEBUG [JavaFX Application Thread] o.h.l.p.e.i.LoadQueryJoinAndFetchProcessor [LoadQueryJoinAndFetchProcessor.java:111] processing queryspace <gen:0>
2014-10-19 16:03:13,650 DEBUG [JavaFX Application Thread] o.h.l.p.b.s.LoadPlanTreePrinter [LoadPlanTreePrinter.java:72] LoadPlan(entity=cablegate.models.Cable)
    - Returns
       - EntityReturnImpl(entity=cablegate.models.Cable, querySpaceUid=<gen:0>, path=cablegate.models.Cable)
    - QuerySpaces
       - EntityQuerySpaceImpl(uid=<gen:0>, entity=cablegate.models.Cable)
          - SQL table alias mapping - cable0_
          - alias suffix - 0_
          - suffixed key columns - {CABLE_ID1_0_0_}

2014-10-19 16:03:13,650 DEBUG [JavaFX Application Thread] o.h.l.e.p.EntityLoader [EntityLoader.java:146] Static select for entity cablegate.models.Cable [PESSIMISTIC_FORCE_INCREMENT]: select cable0_.CABLE_ID as CABLE_ID1_0_0_, cable0_.DATE_TIME as DATE_TIM2_0_0_, cable0_.CABLE_NUMBER as CABLE_NU3_0_0_, cable0_.SENDER as SENDER4_0_0_, cable0_.CLASSIFICATION as CLASSIFI5_0_0_, cable0_.REFERRALS as REFERRAL6_0_0_, cable0_.MAILING_LIST as MAILING_7_0_0_, cable0_.CABLE_TEXT as CABLE_TE8_0_0_ from CABLES cable0_ where cable0_.CABLE_ID=? for update with rs
2014-10-19 16:03:13,650 DEBUG [JavaFX Application Thread] o.h.l.p.b.i.s.QuerySpacesImpl [QuerySpacesImpl.java:192] Adding QuerySpace : uid = <gen:0> -> org.hibernate.loader.plan.build.internal.spaces.EntityQuerySpaceImpl@298eaf74]
2014-10-19 16:03:13,650 DEBUG [JavaFX Application Thread] o.h.p.w.s.MetamodelGraphWalker [MetamodelGraphWalker.java:154] Visiting attribute path : dateTime
2014-10-19 16:03:13,650 DEBUG [JavaFX Application Thread] o.h.p.w.s.MetamodelGraphWalker [MetamodelGraphWalker.java:154] Visiting attribute path : cableNumber
2014-10-19 16:03:13,650 DEBUG [JavaFX Application Thread] o.h.p.w.s.MetamodelGraphWalker [MetamodelGraphWalker.java:154] Visiting attribute path : sender
2014-10-19 16:03:13,650 DEBUG [JavaFX Application Thread] o.h.p.w.s.MetamodelGraphWalker [MetamodelGraphWalker.java:154] Visiting attribute path : classification
2014-10-19 16:03:13,651 DEBUG [JavaFX Application Thread] o.h.p.w.s.MetamodelGraphWalker [MetamodelGraphWalker.java:154] Visiting attribute path : referrals
2014-10-19 16:03:13,651 DEBUG [JavaFX Application Thread] o.h.p.w.s.MetamodelGraphWalker [MetamodelGraphWalker.java:154] Visiting attribute path : mailingList
2014-10-19 16:03:13,651 DEBUG [JavaFX Application Thread] o.h.p.w.s.MetamodelGraphWalker [MetamodelGraphWalker.java:154] Visiting attribute path : cableString
2014-10-19 16:03:13,651 DEBUG [JavaFX Application Thread] o.h.l.p.b.i.FetchStyleLoadPlanBuildingAssociationVisitationStrategy [FetchStyleLoadPlanBuildingAssociationVisitationStrategy.java:94] Building LoadPlan...
2014-10-19 16:03:13,651 DEBUG [JavaFX Application Thread] o.h.l.p.e.i.LoadQueryJoinAndFetchProcessor [LoadQueryJoinAndFetchProcessor.java:111] processing queryspace <gen:0>
2014-10-19 16:03:13,651 DEBUG [JavaFX Application Thread] o.h.l.p.b.s.LoadPlanTreePrinter [LoadPlanTreePrinter.java:72] LoadPlan(entity=cablegate.models.Cable)
    - Returns
       - EntityReturnImpl(entity=cablegate.models.Cable, querySpaceUid=<gen:0>, path=cablegate.models.Cable)
    - QuerySpaces
       - EntityQuerySpaceImpl(uid=<gen:0>, entity=cablegate.models.Cable)
          - SQL table alias mapping - cable0_
          - alias suffix - 0_
          - suffixed key columns - {CABLE_ID1_0_0_}

2014-10-19 16:03:13,651 DEBUG [JavaFX Application Thread] o.h.l.e.p.EntityLoader [EntityLoader.java:146] Static select for entity cablegate.models.Cable [OPTIMISTIC]: select cable0_.CABLE_ID as CABLE_ID1_0_0_, cable0_.DATE_TIME as DATE_TIM2_0_0_, cable0_.CABLE_NUMBER as CABLE_NU3_0_0_, cable0_.SENDER as SENDER4_0_0_, cable0_.CLASSIFICATION as CLASSIFI5_0_0_, cable0_.REFERRALS as REFERRAL6_0_0_, cable0_.MAILING_LIST as MAILING_7_0_0_, cable0_.CABLE_TEXT as CABLE_TE8_0_0_ from CABLES cable0_ where cable0_.CABLE_ID=?
2014-10-19 16:03:13,652 DEBUG [JavaFX Application Thread] o.h.l.p.b.i.s.QuerySpacesImpl [QuerySpacesImpl.java:192] Adding QuerySpace : uid = <gen:0> -> org.hibernate.loader.plan.build.internal.spaces.EntityQuerySpaceImpl@54b3ec3b]
2014-10-19 16:03:13,652 DEBUG [JavaFX Application Thread] o.h.p.w.s.MetamodelGraphWalker [MetamodelGraphWalker.java:154] Visiting attribute path : dateTime
2014-10-19 16:03:13,652 DEBUG [JavaFX Application Thread] o.h.p.w.s.MetamodelGraphWalker [MetamodelGraphWalker.java:154] Visiting attribute path : cableNumber
2014-10-19 16:03:13,652 DEBUG [JavaFX Application Thread] o.h.p.w.s.MetamodelGraphWalker [MetamodelGraphWalker.java:154] Visiting attribute path : sender
2014-10-19 16:03:13,652 DEBUG [JavaFX Application Thread] o.h.p.w.s.MetamodelGraphWalker [MetamodelGraphWalker.java:154] Visiting attribute path : classification
2014-10-19 16:03:13,652 DEBUG [JavaFX Application Thread] o.h.p.w.s.MetamodelGraphWalker [MetamodelGraphWalker.java:154] Visiting attribute path : referrals
2014-10-19 16:03:13,652 DEBUG [JavaFX Application Thread] o.h.p.w.s.MetamodelGraphWalker [MetamodelGraphWalker.java:154] Visiting attribute path : mailingList
2014-10-19 16:03:13,652 DEBUG [JavaFX Application Thread] o.h.p.w.s.MetamodelGraphWalker [MetamodelGraphWalker.java:154] Visiting attribute path : cableString
2014-10-19 16:03:13,653 DEBUG [JavaFX Application Thread] o.h.l.p.b.i.FetchStyleLoadPlanBuildingAssociationVisitationStrategy [FetchStyleLoadPlanBuildingAssociationVisitationStrategy.java:94] Building LoadPlan...
2014-10-19 16:03:13,653 DEBUG [JavaFX Application Thread] o.h.l.p.e.i.LoadQueryJoinAndFetchProcessor [LoadQueryJoinAndFetchProcessor.java:111] processing queryspace <gen:0>
2014-10-19 16:03:13,653 DEBUG [JavaFX Application Thread] o.h.l.p.b.s.LoadPlanTreePrinter [LoadPlanTreePrinter.java:72] LoadPlan(entity=cablegate.models.Cable)
    - Returns
       - EntityReturnImpl(entity=cablegate.models.Cable, querySpaceUid=<gen:0>, path=cablegate.models.Cable)
    - QuerySpaces
       - EntityQuerySpaceImpl(uid=<gen:0>, entity=cablegate.models.Cable)
          - SQL table alias mapping - cable0_
          - alias suffix - 0_
          - suffixed key columns - {CABLE_ID1_0_0_}

2014-10-19 16:03:13,653 DEBUG [JavaFX Application Thread] o.h.l.e.p.EntityLoader [EntityLoader.java:146] Static select for entity cablegate.models.Cable [OPTIMISTIC_FORCE_INCREMENT]: select cable0_.CABLE_ID as CABLE_ID1_0_0_, cable0_.DATE_TIME as DATE_TIM2_0_0_, cable0_.CABLE_NUMBER as CABLE_NU3_0_0_, cable0_.SENDER as SENDER4_0_0_, cable0_.CLASSIFICATION as CLASSIFI5_0_0_, cable0_.REFERRALS as REFERRAL6_0_0_, cable0_.MAILING_LIST as MAILING_7_0_0_, cable0_.CABLE_TEXT as CABLE_TE8_0_0_ from CABLES cable0_ where cable0_.CABLE_ID=?
2014-10-19 16:03:13,666 DEBUG [JavaFX Application Thread] o.h.l.Loader [CascadeEntityLoader.java:56] Static select for action ACTION_MERGE on entity cablegate.models.Cable: select cable0_.CABLE_ID as CABLE_ID1_0_0_, cable0_.DATE_TIME as DATE_TIM2_0_0_, cable0_.CABLE_NUMBER as CABLE_NU3_0_0_, cable0_.SENDER as SENDER4_0_0_, cable0_.CLASSIFICATION as CLASSIFI5_0_0_, cable0_.REFERRALS as REFERRAL6_0_0_, cable0_.MAILING_LIST as MAILING_7_0_0_, cable0_.CABLE_TEXT as CABLE_TE8_0_0_ from CABLES cable0_ where cable0_.CABLE_ID=?
2014-10-19 16:03:13,666 DEBUG [JavaFX Application Thread] o.h.l.Loader [CascadeEntityLoader.java:56] Static select for action ACTION_REFRESH on entity cablegate.models.Cable: select cable0_.CABLE_ID as CABLE_ID1_0_0_, cable0_.DATE_TIME as DATE_TIM2_0_0_, cable0_.CABLE_NUMBER as CABLE_NU3_0_0_, cable0_.SENDER as SENDER4_0_0_, cable0_.CLASSIFICATION as CLASSIFI5_0_0_, cable0_.REFERRALS as REFERRAL6_0_0_, cable0_.MAILING_LIST as MAILING_7_0_0_, cable0_.CABLE_TEXT as CABLE_TE8_0_0_ from CABLES cable0_ where cable0_.CABLE_ID=?
2014-10-19 16:03:13,737 DEBUG [JavaFX Application Thread] o.h.i.SessionFactoryRegistry [SessionFactoryRegistry.java:67] Initializing SessionFactoryRegistry : org.hibernate.internal.SessionFactoryRegistry@137b07ba
2014-10-19 16:03:13,739 DEBUG [JavaFX Application Thread] o.h.i.SessionFactoryRegistry [SessionFactoryRegistry.java:89] Registering SessionFactory: 6fd0fc73-ef65-4f94-96f0-9fa92a0d8dd4 (<unnamed>)
2014-10-19 16:03:13,739 DEBUG [JavaFX Application Thread] o.h.i.SessionFactoryRegistry [SessionFactoryRegistry.java:96] Not binding SessionFactory to JNDI, no JNDI name configured
2014-10-19 16:03:13,739 DEBUG [JavaFX Application Thread] o.h.i.SessionFactoryImpl [SessionFactoryImpl.java:505] Instantiated session factory
2014-10-19 16:03:13,742 INFO [JavaFX Application Thread] o.h.t.h.SchemaUpdate [SchemaUpdate.java:182] HHH000228: Running hbm2ddl schema update
2014-10-19 16:03:13,742 INFO [JavaFX Application Thread] o.h.t.h.SchemaUpdate [SchemaUpdate.java:193] HHH000102: Fetching database metadata
2014-10-19 16:03:13,744 INFO [JavaFX Application Thread] o.h.t.h.SchemaUpdate [SchemaUpdate.java:205] HHH000396: Updating schema
2014-10-19 16:03:13,744 DEBUG [JavaFX Application Thread] o.h.c.Configuration [Configuration.java:3748] Processing hbm.xml files
2014-10-19 16:03:13,744 DEBUG [JavaFX Application Thread] o.h.c.Configuration [Configuration.java:3778] Process annotated classes
2014-10-19 16:03:13,744 DEBUG [JavaFX Application Thread] o.h.c.Configuration [Configuration.java:1482] Processing fk mappings (*ToOne and JoinedSubclass)
2014-10-19 16:03:13,745 DEBUG [JavaFX Application Thread] o.h.c.Configuration [Configuration.java:1687] Processing extends queue
2014-10-19 16:03:13,745 DEBUG [JavaFX Application Thread] o.h.c.Configuration [Configuration.java:1745] Processing extends queue
2014-10-19 16:03:13,745 DEBUG [JavaFX Application Thread] o.h.c.Configuration [Configuration.java:1690] Processing collection mappings
2014-10-19 16:03:13,745 DEBUG [JavaFX Application Thread] o.h.c.Configuration [Configuration.java:1700] Processing native query and ResultSetMapping mappings
2014-10-19 16:03:13,745 DEBUG [JavaFX Application Thread] o.h.c.Configuration [Configuration.java:1708] Processing association property references
2014-10-19 16:03:13,745 DEBUG [JavaFX Application Thread] o.h.c.Configuration [Configuration.java:1730] Creating tables' unique integer identifiers
2014-10-19 16:03:13,745 DEBUG [JavaFX Application Thread] o.h.c.Configuration [Configuration.java:1731] Processing foreign key constraints
2014-10-19 16:03:13,838 INFO [JavaFX Application Thread] o.h.t.h.TableMetadata [TableMetadata.java:66] HHH000261: Table found: .APP.CABLES
2014-10-19 16:03:13,838 INFO [JavaFX Application Thread] o.h.t.h.TableMetadata [TableMetadata.java:67] HHH000037: Columns: [cable_id, mailing_list, date_time, sender, referrals, classification, cable_text, cable_number]
2014-10-19 16:03:13,838 INFO [JavaFX Application Thread] o.h.t.h.TableMetadata [TableMetadata.java:69] HHH000108: Foreign keys: []
2014-10-19 16:03:13,838 INFO [JavaFX Application Thread] o.h.t.h.TableMetadata [TableMetadata.java:70] HHH000126: Indexes: [sql141019133216570]
2014-10-19 16:03:13,838 DEBUG [JavaFX Application Thread] o.h.i.f.i.DefaultIdentifierGeneratorFactory [DefaultIdentifierGeneratorFactory.java:107] Setting dialect [org.hibernate.dialect.DerbyTenSevenDialect]
2014-10-19 16:03:13,839 INFO [JavaFX Application Thread] o.h.t.h.SchemaUpdate [SchemaUpdate.java:242] HHH000232: Schema update complete
2014-10-19 16:03:13,839 DEBUG [JavaFX Application Thread] o.h.i.NamedQueryRepository [NamedQueryRepository.java:155] Checking 0 named HQL queries
2014-10-19 16:03:13,839 DEBUG [JavaFX Application Thread] o.h.i.NamedQueryRepository [NamedQueryRepository.java:171] Checking 0 named SQL queries
2014-10-19 16:03:13,844 DEBUG [JavaFX Application Thread] o.h.s.i.StatisticsInitiator [StatisticsInitiator.java:110] Statistics initialized [enabled=false]
2014-10-19 16:03:13,866 DEBUG [JavaFX Application Thread] o.h.s.i.ConfigContext [ConfigContext.java:264] Setting Lucene compatibility to Version LUCENE_36
2014-10-19 16:03:13,912 DEBUG [JavaFX Application Thread] o.h.s.s.i.DirectoryProviderHelper [DirectoryProviderHelper.java:139] Initialize index: 'D:\Users\Matthew\git\FIT3036\CableGateProgram\CableGateFiles\LuceneIndex\cablegate.models.Cable'
2014-10-19 16:03:13,939 DEBUG [JavaFX Application Thread] o.h.s.b.i.l.WorkspaceFactory [WorkspaceFactory.java:47] Starting workspace for index cablegate.models.Cable using an exclusive index strategy
2014-10-19 16:03:14,115 DEBUG [JavaFX Application Thread] o.h.s.e.s.DocumentBuilderIndexedEntity [DocumentBuilderIndexedEntity.java:180] Field selection in projections is set to true for entity cablegate.models.Cable.
2014-10-19 16:03:14,129 DEBUG [JavaFX Application Thread] o.h.i.SessionFactoryImpl [SessionFactoryImpl.java:1339] HHH000031: Closing
2014-10-19 16:03:14,129 DEBUG [JavaFX Application Thread] o.h.s.i.AbstractServiceRegistryImpl [AbstractServiceRegistryImpl.java:406] Implicitly destroying ServiceRegistry on de-registration of all child ServiceRegistries
2014-10-19 16:03:14,130 INFO [JavaFX Application Thread] o.h.e.j.c.i.DriverManagerConnectionProviderImpl [DriverManagerConnectionProviderImpl.java:281] HHH000030: Cleaning up connection pool [jdbc:derby:D:\Users\Matthew\git\FIT3036\CableGateProgram\CableGateFiles\DerbyDB;create=true]
2014-10-19 16:03:14,131 DEBUG [JavaFX Application Thread] o.h.b.r.i.BootstrapServiceRegistryImpl [BootstrapServiceRegistryImpl.java:308] Implicitly destroying Boot-strap registry on de-registration of all child ServiceRegistries
